[    0.000000] Initializing cgroup subsys cpuset
[    0.000000] Initializing cgroup subsys cpu
[    0.000000] Initializing cgroup subsys cpuacct
[    0.000000] Linux version 4.4.0-157-generic (buildd@lgw01-amd64-037) (gcc version 5.4.0 20160609 (Ubuntu 5.4.0-6ubuntu1~16.04.10) ) #185-Ubuntu SMP Tue Jul 23 09:17:01 UTC 2019 (Ubuntu 4.4.0-157.185-generic 4.4.181)
[    0.000000] Command line: BOOT_IMAGE=/boot/vmlinuz-4.4.0-157-generic root=LABEL=cloudimg-rootfs ro console=tty1 console=ttyS0
[    0.000000] KERNEL supported cpus:
[    0.000000]   Intel GenuineIntel
[    0.000000]   AMD AuthenticAMD
[    0.000000]   Centaur CentaurHauls
[    0.000000] x86/fpu: Legacy x87 FPU detected.
[    0.000000] e820: BIOS-provided physical RAM map:
[    0.000000] BIOS-e820: [mem 0x0000000000000000-0x000000000009fbff] usable
[    0.000000] BIOS-e820: [mem 0x000000000009fc00-0x000000000009ffff] reserved
[    0.000000] BIOS-e820: [mem 0x00000000000f0000-0x00000000000fffff] reserved
[    0.000000] BIOS-e820: [mem 0x0000000000100000-0x000000002cfeffff] usable
[    0.000000] BIOS-e820: [mem 0x000000002cff0000-0x000000002cffffff] ACPI data
[    0.000000] BIOS-e820: [mem 0x00000000fec00000-0x00000000fec00fff] reserved
[    0.000000] BIOS-e820: [mem 0x00000000fee00000-0x00000000fee00fff] reserved
[    0.000000] BIOS-e820: [mem 0x00000000fffc0000-0x00000000ffffffff] reserved
[    0.000000] NX (Execute Disable) protection: active
[    0.000000] SMBIOS 2.5 present.
[    0.000000] Hypervisor detected: KVM
[    0.000000] e820: last_pfn = 0x2cff0 max_arch_pfn = 0x400000000
[    0.000000] MTRR: Disabled
[    0.000000] x86/PAT: MTRRs disabled, skipping PAT initialization too.
[    0.000000] CPU MTRRs all blank - virtualized system.
[    0.000000] x86/PAT: Configuration [0-7]: WB  WT  UC- UC  WB  WT  UC- UC  
[    0.000000] found SMP MP-table at [mem 0x0009fff0-0x0009ffff] mapped at [ffff88000009fff0]
[    0.000000] Scanning 1 areas for low memory corruption
[    0.000000] RAMDISK: [mem 0x2b895000-0x2c70ffff]
[    0.000000] ACPI: Early table checksum verification disabled
[    0.000000] ACPI: RSDP 0x00000000000E0000 000024 (v02 VBOX  )
[    0.000000] ACPI: XSDT 0x000000002CFF0030 00003C (v01 VBOX   VBOXXSDT 00000001 ASL  00000061)
[    0.000000] ACPI: FACP 0x000000002CFF00F0 0000F4 (v04 VBOX   VBOXFACP 00000001 ASL  00000061)
[    0.000000] ACPI: DSDT 0x000000002CFF0470 0021FF (v02 VBOX   VBOXBIOS 00000002 INTL 20180105)
[    0.000000] ACPI: FACS 0x000000002CFF0200 000040
[    0.000000] ACPI: FACS 0x000000002CFF0200 000040
[    0.000000] ACPI: APIC 0x000000002CFF0240 000054 (v02 VBOX   VBOXAPIC 00000001 ASL  00000061)
[    0.000000] ACPI: SSDT 0x000000002CFF02A0 0001CC (v01 VBOX   VBOXCPUT 00000002 INTL 20180105)
[    0.000000] No NUMA configuration found
[    0.000000] Faking a node at [mem 0x0000000000000000-0x000000002cfeffff]
[    0.000000] NODE_DATA(0) allocated [mem 0x2cfeb000-0x2cfeffff]
[    0.000000] kvm-clock: Using msrs 4b564d01 and 4b564d00
[    0.000000] kvm-clock: cpu 0, msr 0:2cfe3001, primary cpu clock
[    0.000000] kvm-clock: using sched offset of 7813703931 cycles
[    0.000000] clocksource: kvm-clock: mask: 0xffffffffffffffff max_cycles: 0x1cd42e4dffb, max_idle_ns: 881590591483 ns
[    0.000000] Zone ranges:
[    0.000000]   DMA      [mem 0x0000000000001000-0x0000000000ffffff]
[    0.000000]   DMA32    [mem 0x0000000001000000-0x000000002cfeffff]
[    0.000000]   Normal   empty
[    0.000000]   Device   empty
[    0.000000] Movable zone start for each node
[    0.000000] Early memory node ranges
[    0.000000]   node   0: [mem 0x0000000000001000-0x000000000009efff]
[    0.000000]   node   0: [mem 0x0000000000100000-0x000000002cfeffff]
[    0.000000] Initmem setup node 0 [mem 0x0000000000001000-0x000000002cfeffff]
[    0.000000] ACPI: PM-Timer IO Port: 0x4008
[    0.000000] IOAPIC[0]: apic_id 1, version 32, address 0xfec00000, GSI 0-23
[    0.000000] ACPI: INT_SRC_OVR (bus 0 bus_irq 0 global_irq 2 dfl dfl)
[    0.000000] ACPI: INT_SRC_OVR (bus 0 bus_irq 9 global_irq 9 low level)
[    0.000000] Using ACPI (MADT) for SMP configuration information
[    0.000000] smpboot: Allowing 1 CPUs, 0 hotplug CPUs
[    0.000000] PM: Registered nosave memory: [mem 0x00000000-0x00000fff]
[    0.000000] PM: Registered nosave memory: [mem 0x0009f000-0x0009ffff]
[    0.000000] PM: Registered nosave memory: [mem 0x000a0000-0x000effff]
[    0.000000] PM: Registered nosave memory: [mem 0x000f0000-0x000fffff]
[    0.000000] e820: [mem 0x2d000000-0xfebfffff] available for PCI devices
[    0.000000] Booting paravirtualized kernel on KVM
[    0.000000] clocksource: refined-jiffies: mask: 0xffffffff max_cycles: 0xffffffff, max_idle_ns: 7645519600211568 ns
[    0.000000] setup_percpu: NR_CPUS:512 nr_cpumask_bits:512 nr_cpu_ids:1 nr_node_ids:1
[    0.000000] PERCPU: Embedded 34 pages/cpu @ffff88002cc00000 s99544 r8192 d31528 u2097152
[    0.000000] Built 1 zonelists in Node order, mobility grouping on.  Total pages: 181304
[    0.000000] Policy zone: DMA32
[    0.000000] Kernel command line: BOOT_IMAGE=/boot/vmlinuz-4.4.0-157-generic root=LABEL=cloudimg-rootfs ro console=tty1 console=ttyS0
[    0.000000] PID hash table entries: 4096 (order: 3, 32768 bytes)
[    0.000000] Memory: 690668K/736824K available (8618K kernel code, 1335K rwdata, 4032K rodata, 1484K init, 1284K bss, 46156K reserved, 0K cma-reserved)
[    0.000000] SLUB: HWalign=64, Order=0-3, MinObjects=0, CPUs=1, Nodes=1
[    0.000000] Kernel/User page tables isolation: enabled
[    0.000000] Hierarchical RCU implementation.
[    0.000000] 	Build-time adjustment of leaf fanout to 64.
[    0.000000] 	RCU restricting CPUs from NR_CPUS=512 to nr_cpu_ids=1.
[    0.000000] RCU: Adjusting geometry for rcu_fanout_leaf=64, nr_cpu_ids=1
[    0.000000] NR_IRQS:33024 nr_irqs:256 16
[    0.000000] Console: colour VGA+ 80x25
[    0.000000] console [tty1] enabled
[    0.000000] console [ttyS0] enabled
[    0.000000] tsc: Detected 2992.480 MHz processor
[    1.440658] Calibrating delay loop (skipped) preset value.. 5984.96 BogoMIPS (lpj=11969920)
[    1.498044] pid_max: default: 32768 minimum: 301
[    1.501078] ACPI: Core revision 20150930
[    1.504922] ACPI: 2 ACPI AML tables successfully acquired and loaded
[    1.516098] Security Framework initialized
[    1.609370] Yama: becoming mindful.
[    1.624175] AppArmor: AppArmor initialized
[    1.632802] Dentry cache hash table entries: 131072 (order: 8, 1048576 bytes)
[    1.645807] Inode-cache hash table entries: 65536 (order: 7, 524288 bytes)
[    1.661322] Mount-cache hash table entries: 2048 (order: 2, 16384 bytes)
[    1.671085] Mountpoint-cache hash table entries: 2048 (order: 2, 16384 bytes)
[    1.692566] Initializing cgroup subsys io
[    1.715349] Initializing cgroup subsys memory
[    1.716925] Initializing cgroup subsys devices
[    1.725060] Initializing cgroup subsys freezer
[    1.731973] Initializing cgroup subsys net_cls
[    1.734862] Initializing cgroup subsys perf_event
[    1.736473] Initializing cgroup subsys net_prio
[    1.738044] Initializing cgroup subsys hugetlb
[    1.745094] Initializing cgroup subsys pids
[    1.746776] mce: CPU supports 0 MCE banks
[    1.791459] process: using mwait in idle threads
[    1.807432] Last level iTLB entries: 4KB 128, 2MB 4, 4MB 4
[    1.907843] Last level dTLB entries: 4KB 256, 2MB 0, 4MB 32, 1GB 0
[    1.994756] Spectre V2 : Mitigation: Full generic retpoline
[    1.997495] Spectre V2 : Spectre v2 / SpectreRSB mitigation: Filling RSB on context switch
[    2.002190] Speculative Store Bypass: Vulnerable
[    2.035871] MDS: Vulnerable: Clear CPU buffers attempted, no microcode
[    2.756984] Freeing SMP alternatives memory: 36K
[    2.777042] ftrace: allocating 32312 entries in 127 pages
[    2.937762] smpboot: APIC(0) Converting physical 0 to logical package 0
[    2.945627] smpboot: Max logical packages: 1
[    2.955472] x2apic enabled
[    2.957144] Switched APIC routing to physical x2apic.
[    2.963578] ..TIMER: vector=0x30 apic1=0 pin1=2 apic2=-1 pin2=-1
[    3.029149] APIC calibration not consistent with PM-Timer: 200ms instead of 100ms
[    3.034481] APIC delta adjusted to PM-Timer: 6347459 (12695327)
[    3.038745] smpboot: CPU0: Intel(R) Core(TM)2 Duo CPU     E8400  @ 3.00GHz (family: 0x6, model: 0x17, stepping: 0xa)
[    3.044362] Performance Events: unsupported p6 CPU model 23 no PMU driver, software events only.
[    3.246550] KVM setup paravirtual spinlock
[    3.250385] x86: Booted up 1 node, 1 CPUs
[    3.254924] smpboot: Total of 1 processors activated (5984.96 BogoMIPS)
[    3.257432] devtmpfs: initialized
[    3.279695] evm: security.selinux
[    3.281697] evm: security.SMACK64
[    3.283503] evm: security.SMACK64EXEC
[    3.338821] evm: security.SMACK64TRANSMUTE
[    3.340269] evm: security.SMACK64MMAP
[    3.341627] evm: security.ima
[    3.369383] evm: security.capability
[    3.370963] clocksource: jiffies: mask: 0xffffffff max_cycles: 0xffffffff, max_idle_ns: 7645041785100000 ns
[    3.374209] futex hash table entries: 256 (order: 2, 16384 bytes)
[    3.385668] pinctrl core: initialized pinctrl subsystem
[    3.387610] RTC time: 16:34:35, date: 08/23/19
[    3.389595] NET: Registered protocol family 16
[    3.391408] cpuidle: using governor ladder
[    3.447748] cpuidle: using governor menu
[    3.466811] PCCT header not found.
[    3.484775] ACPI: bus type PCI registered
[    3.488404] acpiphp: ACPI Hot Plug PCI Controller Driver version: 0.5
[    3.546234] PCI: Using configuration type 1 for base access
[    3.552254] ACPI: Added _OSI(Module Device)
[    3.555465] ACPI: Added _OSI(Processor Device)
[    3.557006] ACPI: Added _OSI(3.0 _SCP Extensions)
[    3.558596] ACPI: Added _OSI(Processor Aggregator Device)
[    3.655663] ACPI: Executed 1 blocks of module-level executable AML code
[    3.662070] ACPI: Interpreter enabled
[    3.671180] ACPI: (supports S0 S5)
[    3.672470] ACPI: Using IOAPIC for interrupt routing
[    3.674653] PCI: Using host bridge windows from ACPI; if necessary, use "pci=nocrs" and report a bug
[    3.761091] ACPI: PCI Root Bridge [PCI0] (domain 0000 [bus 00-ff])
[    3.764601] acpi PNP0A03:00: _OSC: OS supports [ASPM ClockPM Segments MSI]
[    3.767467] acpi PNP0A03:00: _OSC: not requesting OS control; OS requires [ExtendedConfig ASPM ClockPM MSI]
[    3.789308] acpi PNP0A03:00: fail to add MMCONFIG information, can't access extended PCI configuration space under this bridge.
[    3.872107] PCI host bridge to bus 0000:00
[    3.875458] pci_bus 0000:00: root bus resource [io  0x0000-0x0cf7 window]
[    3.881290] pci_bus 0000:00: root bus resource [io  0x0d00-0xffff window]
[    3.886676] pci_bus 0000:00: root bus resource [mem 0x000a0000-0x000bffff window]
[    3.894046] pci_bus 0000:00: root bus resource [mem 0x2d000000-0xfdffffff window]
[    3.900385] pci_bus 0000:00: root bus resource [bus 00-ff]
[    3.908398] pci 0000:00:01.1: legacy IDE quirk: reg 0x10: [io  0x01f0-0x01f7]
[    3.913156] pci 0000:00:01.1: legacy IDE quirk: reg 0x14: [io  0x03f6]
[    3.917489] pci 0000:00:01.1: legacy IDE quirk: reg 0x18: [io  0x0170-0x0177]
[    3.922179] pci 0000:00:01.1: legacy IDE quirk: reg 0x1c: [io  0x0376]
[    3.982645] pci 0000:00:07.0: quirk: [io  0x4000-0x403f] claimed by PIIX4 ACPI
[    4.105392] pci 0000:00:07.0: quirk: [io  0x4100-0x410f] claimed by PIIX4 SMB
[    4.166563] ACPI: PCI Interrupt Link [LNKA] (IRQs 5 9 10 *11)
[    4.182934] ACPI: PCI Interrupt Link [LNKB] (IRQs 5 9 *10 11)
[    4.186635] ACPI: PCI Interrupt Link [LNKC] (IRQs 5 *9 10 11)
[    4.215610] ACPI: PCI Interrupt Link [LNKD] (IRQs 5 9 10 *11)
[    4.268577] ACPI: Enabled 2 GPEs in block 00 to 07
[    4.271166] vgaarb: setting as boot device: PCI:0000:00:02.0
[    4.273131] vgaarb: device added: PCI:0000:00:02.0,decodes=io+mem,owns=io+mem,locks=none
[    4.295249] vgaarb: loaded
[    4.296382] vgaarb: bridge control possible 0000:00:02.0
[    4.298798] SCSI subsystem initialized
[    4.300641] ACPI: bus type USB registered
[    4.302331] usbcore: registered new interface driver usbfs
[    4.304144] usbcore: registered new interface driver hub
[    4.369515] usbcore: registered new device driver usb
[    4.371574] PCI: Using ACPI for IRQ routing
[    4.384221] NetLabel: Initializing
[    4.399278] NetLabel:  domain hash size = 128
[    4.424976] NetLabel:  protocols = UNLABELED CIPSOv4
[    4.496429] NetLabel:  unlabeled traffic allowed by default
[    4.498639] amd_nb: Cannot enumerate AMD northbridges
[    4.500435] clocksource: Switched to clocksource kvm-clock
[    4.520969] AppArmor: AppArmor Filesystem Enabled
[    4.584910] pnp: PnP ACPI init
[    4.595808] pnp: PnP ACPI: found 3 devices
[    4.605526] clocksource: acpi_pm: mask: 0xffffff max_cycles: 0xffffff, max_idle_ns: 2085701024 ns
[    4.616319] NET: Registered protocol family 2
[    4.625100] TCP established hash table entries: 8192 (order: 4, 65536 bytes)
[    4.684195] TCP bind hash table entries: 8192 (order: 5, 131072 bytes)
[    4.686290] TCP: Hash tables configured (established 8192 bind 8192)
[    4.688316] UDP hash table entries: 512 (order: 2, 16384 bytes)
[    4.690264] UDP-Lite hash table entries: 512 (order: 2, 16384 bytes)
[    4.692508] NET: Registered protocol family 1
[    4.700124] pci 0000:00:00.0: Limiting direct PCI/PCI transfers
[    4.783846] pci 0000:00:01.0: Activating ISA DMA hang workarounds
[    4.818657] Unpacking initramfs...
[    5.403669] Freeing initrd memory: 14828K
[    5.425671] clocksource: tsc: mask: 0xffffffffffffffff max_cycles: 0x2b2285792ea, max_idle_ns: 440795280120 ns
[    5.450092] platform rtc_cmos: registered platform RTC device (no PNP device found)
[    5.452864] Scanning for low memory corruption every 60 seconds
[    5.455172] audit: initializing netlink subsys (disabled)
[    5.515204] audit: type=2000 audit(1566578083.034:1): initialized
[    5.517577] Initialise system trusted keyring
[    5.519636] HugeTLB registered 2 MB page size, pre-allocated 0 pages
[    5.531165] zbud: loaded
[    5.545217] VFS: Disk quotas dquot_6.6.0
[    5.546735] VFS: Dquot-cache hash table entries: 512 (order 0, 4096 bytes)
[    5.555706] squashfs: version 4.0 (2009/01/31) Phillip Lougher
[    5.559487] fuse init (API version 7.23)
[    5.645201] Key type big_key registered
[    5.725415] Allocating IMA MOK and blacklist keyrings.
[    5.735807] Key type asymmetric registered
[    5.737340] Asymmetric key parser 'x509' registered
[    5.754728] Block layer SCSI generic (bsg) driver version 0.4 loaded (major 249)
[    5.766429] io scheduler noop registered
[    5.844055] io scheduler deadline registered (default)
[    5.845979] io scheduler cfq registered
[    5.847544] pci_hotplug: PCI Hot Plug PCI Core version: 0.5
[    5.854941] pciehp: PCI Express Hot Plug Controller Driver version: 0.4
[    5.857169] ACPI: AC Adapter [AC] (on-line)
[    5.864949] input: Power Button as /devices/LNXSYSTM:00/LNXPWRBN:00/input/input0
[    5.868946] ACPI: Power Button [PWRF]
[    5.951637] input: Sleep Button as /devices/LNXSYSTM:00/LNXSLPBN:00/input/input1
[    5.954334] ACPI: Sleep Button [SLPF]
[    5.955909] GHES: HEST is not enabled!
[    5.957460] Serial: 8250/16550 driver, 32 ports, IRQ sharing enabled
[    6.054298] 00:02: ttyS0 at I/O 0x3f8 (irq = 4, base_baud = 115200) is a 16550A
[    6.068211] Linux agpgart interface v0.103
[    6.152834] loop: module loaded
[    6.160621] scsi host0: ata_piix
[    6.163233] scsi host1: ata_piix
[    6.164971] ata1: PATA max UDMA/33 cmd 0x1f0 ctl 0x3f6 bmdma 0xd000 irq 14
[    6.169909] ata2: PATA max UDMA/33 cmd 0x170 ctl 0x376 bmdma 0xd008 irq 15
[    6.177079] libphy: Fixed MDIO Bus: probed
[    6.180576] tun: Universal TUN/TAP device driver, 1.6
[    6.183922] tun: (C) 1999-2004 Max Krasnyansky <maxk@qualcomm.com>
[    6.190009] PPP generic driver version 2.4.2
[    6.195013] ehci_hcd: USB 2.0 'Enhanced' Host Controller (EHCI) Driver
[    6.208460] ehci-pci: EHCI PCI platform driver
[    6.215687] ehci-platform: EHCI generic platform driver
[    6.220276] ohci_hcd: USB 1.1 'Open' Host Controller (OHCI) Driver
[    6.228722] ohci-pci: OHCI PCI platform driver
[    6.230936] ohci-platform: OHCI generic platform driver
[    6.233439] uhci_hcd: USB Universal Host Controller Interface driver
[    6.236606] i8042: PNP: PS/2 Controller [PNP0303:PS2K,PNP0f03:PS2M] at 0x60,0x64 irq 1,12
[    6.241399] serio: i8042 KBD port at 0x60,0x64 irq 1
[    6.263651] serio: i8042 AUX port at 0x60,0x64 irq 12
[    6.265694] mousedev: PS/2 mouse device common for all mice
[    6.286772] input: AT Translated Set 2 keyboard as /devices/platform/i8042/serio0/input/input2
[    6.336776] rtc_cmos rtc_cmos: rtc core: registered rtc_cmos as rtc0
[    6.345683] rtc_cmos rtc_cmos: alarms up to one day, 114 bytes nvram
[    6.347832] i2c /dev entries driver
[    6.352096] device-mapper: uevent: version 1.0.3
[    6.355233] device-mapper: ioctl: 4.34.0-ioctl (2015-10-28) initialised: dm-devel@redhat.com
[    6.364566] ledtrig-cpu: registered to indicate activity on CPUs
[    6.367427] NET: Registered protocol family 10
[    6.485066] NET: Registered protocol family 17
[    6.486627] Key type dns_resolver registered
[    6.488495] registered taskstats version 1
[    6.544791] Loading compiled-in X.509 certificates
[    6.548603] Loaded X.509 cert 'Build time autogenerated kernel key: 3e01e6df98386236d59670e6b2ed19a044d5324e'
[    6.553468] zswap: loaded using pool lzo/zbud
[    6.570622] Key type trusted registered
[    6.766669] Key type encrypted registered
[    6.794878] AppArmor: AppArmor sha1 policy hashing enabled
[    6.796735] ima: No TPM chip found, activating TPM-bypass!
[    6.798511] ima: Allocated hash algorithm: sha1
[    6.800109] evm: HMAC attrs: 0x1
[    6.801855]   Magic number: 15:467:591
[    6.863101] rtc_cmos rtc_cmos: setting system clock to 2019-08-23 16:34:38 UTC (1566578078)
[    6.883312] BIOS EDD facility v0.16 2004-Jun-25, 0 devices found
[    6.955826] EDD information not available.
[    6.963687] Freeing unused kernel memory: 1484K
[    7.084570] Write protecting the kernel read-only data: 14336k
[    7.108408] Freeing unused kernel memory: 1612K
[    7.115296] Freeing unused kernel memory: 64K
Loading, please wait...
starting version[    7.416794] random: systemd-udevd: uninitialized urandom read (16 bytes read, 5 bits of entropy available)
 229
[    7.505788] random: udevadm: uninitialized urandom read (16 bytes read, 5 bits of entropy available)
[    7.599280] random: systemd-udevd: uninitialized urandom read (16 bytes read, 5 bits of entropy available)
[    7.675906] random: udevadm: uninitialized urandom read (16 bytes read, 5 bits of entropy available)
[    7.772884] random: systemd-udevd: uninitialized urandom read (16 bytes read, 5 bits of entropy available)
[    7.823610] random: systemd-udevd: uninitialized urandom read (16 bytes read, 5 bits of entropy available)
[    7.919401] random: udevadm: uninitialized urandom read (16 bytes read, 5 bits of entropy available)
[    7.985953] random: systemd-udevd: uninitialized urandom read (16 bytes read, 5 bits of entropy available)
[    7.998085] random: systemd-udevd: uninitialized urandom read (16 bytes read, 5 bits of entropy available)
[    8.008884] random: systemd-udevd: uninitialized urandom read (16 bytes read, 5 bits of entropy available)
[    8.810809] e1000: Intel(R) PRO/1000 Network Driver - version 7.3.21-k8-NAPI
[    8.843771] e1000: Copyright (c) 1999-2006 Intel Corporation.
[    9.020347] Fusion MPT base driver 3.04.20
[    9.054873] Copyright (c) 1999-2008 LSI Corporation
[    9.131286] input: ImExPS/2 Generic Explorer Mouse as /devices/platform/i8042/serio1/input/input4
[    9.588914] Fusion MPT SPI Host driver 3.04.20
[   10.355529] e1000 0000:00:03.0 eth0: (PCI:33MHz:32-bit) 02:46:62:72:a1:53
[   10.378613] e1000 0000:00:03.0 eth0: Intel(R) PRO/1000 Network Connection
[   10.477676] e1000 0000:00:03.0 enp0s3: renamed from eth0
[   10.571692] mptbase: ioc0: Initiating bringup
[   10.633139] ioc0: LSI53C1030 A0: Capabilities={Initiator}
[   10.822230] scsi host2: ioc0: LSI53C1030 A0, FwRev=00000000h, Ports=1, MaxQ=256, IRQ=20
[   11.090630] scsi 2:0:0:0: Direct-Access     VBOX     HARDDISK         1.0  PQ: 0 ANSI: 5
[   11.188284] scsi target2:0:0: Beginning Domain Validation
[   11.220247] scsi target2:0:0: Domain Validation skipping write tests
[   11.231747] scsi target2:0:0: Ending Domain Validation
[   11.233565] scsi target2:0:0: asynchronous
[   11.244148] scsi 2:0:1:0: Direct-Access     VBOX     HARDDISK         1.0  PQ: 0 ANSI: 5
[   11.295489] scsi target2:0:1: Beginning Domain Validation
[   11.299224] scsi target2:0:1: Domain Validation skipping write tests
[   11.311667] scsi target2:0:1: Ending Domain Validation
[   11.313548] scsi target2:0:1: asynchronous
[   11.321554] sd 2:0:0:0: Attached scsi generic sg0 type 0
[   11.434983] sd 2:0:0:0: [sda] 20971520 512-byte logical blocks: (10.7 GB/10.0 GiB)
[   11.438671] sd 2:0:0:0: [sda] Write Protect is off
[   11.498055] sd 2:0:1:0: [sdb] 20480 512-byte logical blocks: (10.5 MB/10.0 MiB)
[   11.502399] sd 2:0:1:0: Attached scsi generic sg1 type 0
[   11.504583] sd 2:0:1:0: [sdb] Write Protect is off
[   11.506424] sd 2:0:1:0: [sdb] Incomplete mode parameter data
[   11.541091] sd 2:0:1:0: [sdb] Assuming drive cache: write through
[   11.605541] sd 2:0:0:0: [sda] Incomplete mode parameter data
[   11.629669] sd 2:0:0:0: [sda] Assuming drive cache: write through
[   11.667478]  sda: sda1
[   11.681720] sd 2:0:1:0: [sdb] Attached SCSI disk
[   11.705912] sd 2:0:0:0: [sda] Attached SCSI disk
Begin: Loading essential drivers ... [   15.347522] md: linear personality registered for level -1
[   15.441863] md: multipath personality registered for level -4
[   15.471896] md: raid0 personality registered for level 0
[   15.557411] md: raid1 personality registered for level 1
[   15.734478] raid6: sse2x1   gen()  2302 MB/s
[   15.839275] raid6: sse2x1   xor()  3567 MB/s
[   15.940269] raid6: sse2x2   gen()  3625 MB/s
[   16.045444] raid6: sse2x2   xor()  4109 MB/s
[   16.149756] raid6: sse2x4   gen()  3126 MB/s
[   16.251004] raid6: sse2x4   xor()  2736 MB/s
[   16.255157] raid6: using algorithm sse2x2 gen() 3625 MB/s
[   16.354832] raid6: .... xor() 4109 MB/s, rmw enabled
[   16.375209] raid6: using ssse3x2 recovery algorithm
[   16.393927] xor: measuring software checksum speed
[   16.566621]    prefetch64-sse: 10053.000 MB/sec
[   16.769317]    generic_sse: 17838.000 MB/sec
[   16.773273] xor: using function: generic_sse (17838.000 MB/sec)
[   16.787234] async_tx: api initialized (async)
[   16.994159] md: raid6 personality registered for level 6
[   17.025301] md: raid5 personality registered for level 5
[   17.084670] md: raid4 personality registered for level 4
[   17.220082] md: raid10 personality registered for level 10
done.
Begin: Running /scripts/init-premount ... done.
Begin: Mounting root file system ... Begin: Running /scripts/local-top ... done.
Begin: Running /scripts/local-premount ... [   17.646591] Btrfs loaded
Scanning for Btrfs filesystems
done.
Warning: fsck not present, so skipping root file system
[   18.036159] EXT4-fs (sda1): mounted filesystem with ordered data mode. Opts: (null)
done.
Begin: Running /scripts/local-bottom ... done.
Begin: Running /scripts/init-bottom ... done.
[   18.868681] random: nonblocking pool is initialized
[   19.070579] systemd[1]: systemd 229 running in system mode. (+PAM +AUDIT +SELINUX +IMA +APPARMOR +SMACK +SYSVINIT +UTMP +LIBCRYPTSETUP +GCRYPT +GNUTLS +ACL +XZ -LZ4 +SECCOMP +BLKID +ELFUTILS +KMOD -IDN)
[   19.149266] systemd[1]: Detected virtualization oracle.
[   19.165330] systemd[1]: Detected architecture x86-64.

Welcome to [1mUbuntu 16.04.6 LTS[0m!

[   19.191948] systemd[1]: Set hostname to <ubuntu>.
[   19.225907] systemd[1]: Initializing machine ID from random generator.
[   19.229261] systemd[1]: Installed transient /etc/machine-id file.
[   20.594822] systemd[1]: Started Trigger resolvconf update for networkd DNS.
[[0;32m  OK  [0m] Started Trigger resolvconf update for networkd DNS.
[   20.632998] systemd[1]: Listening on udev Control Socket.
[[0;32m  OK  [0m] Listening on udev Control Socket.
[   20.637775] systemd[1]: Reached target User and Group Name Lookups.
[[0;32m  OK  [0m] Reached target User and Group Name Lookups.
[   20.734767] systemd[1]: Listening on LVM2 poll daemon socket.
[[0;32m  OK  [0m] Listening on LVM2 poll daemon socket.
[   20.753230] systemd[1]: Listening on Journal Audit Socket.
[[0;32m  OK  [0m] Listening on Journal Audit Socket.
[   20.782167] systemd[1]: Started Forward Password Requests to Wall Directory Watch.
[[0;32m  OK  [0m] Started Forward Password Requests to Wall Directory Watch.
[   20.798310] systemd[1]: Reached target Swap.
[[0;32m  OK  [0m] Reached target Swap.
[   20.816873] systemd[1]: Reached target Encrypted Volumes.
[[0;32m  OK  [0m] Reached target Encrypted Volumes.
[   20.822645] systemd[1]: Set up automount Arbitrary Executable File Formats File System Automount Point.
[[0;32m  OK  [0m] Set up automount Arbitrary Executab...ats File System Automount Point.
[   20.836472] systemd[1]: Listening on /dev/initctl Compatibility Named Pipe.
[[0;32m  OK  [0m] Listening on /dev/initctl Compatibility Named Pipe.
[   20.925151] systemd[1]: Listening on Journal Socket (/dev/log).
[[0;32m  OK  [0m] Listening on Journal Socket (/dev/log).
[   20.937370] systemd[1]: Listening on Device-mapper event daemon FIFOs.
[[0;32m  OK  [0m] Listening on Device-mapper event daemon FIFOs.
[   20.999100] systemd[1]: Listening on LVM2 metadata daemon socket.
[[0;32m  OK  [0m] Listening on LVM2 metadata daemon socket.
[   21.053098] systemd[1]: Listening on udev Kernel Socket.
[[0;32m  OK  [0m] Listening on udev Kernel Socket.
[   21.101783] systemd[1]: Listening on Syslog Socket.
[[0;32m  OK  [0m] Listening on Syslog Socket.
[   21.121361] systemd[1]: Created slice User and Session Slice.
[[0;32m  OK  [0m] Created slice User and Session Slice.
[   21.132194] systemd[1]: Created slice System Slice.
[[0;32m  OK  [0m] Created slice System Slice.
[   21.136017] systemd[1]: Reached target Slices.
[[0;32m  OK  [0m] Reached target Slices.
[   21.399790] systemd[1]: Created slice system-serial\x2dgetty.slice.
[[0;32m  OK  [0m] Created slice system-serial\x2dgetty.slice.
[   21.424480] systemd[1]: Reached target System Time Synchronized.
[[0;32m  OK  [0m] Reached target System Time Synchronized.
[   21.430027] systemd[1]: Listening on Journal Socket.
[[0;32m  OK  [0m] Listening on Journal Socket.
[   21.477539] systemd[1]: Mounting POSIX Message Queue File System...
         Mounting POSIX Message Queue File System...
[   21.537142] systemd[1]: Starting Load Kernel Modules...
         Starting Load Kernel Modules...
[   21.613215] systemd[1]: Starting Monitoring of LVM2 mirrors, snapshots etc. using dmeventd or progress polling...
         Starting Monitoring of LVM2 mirrors... dmeventd or progress polling...
[   21.708629] systemd[1]: Starting Remount Root and Kernel File Systems...
         Starting Remount Root and Kernel File Systems...
[   21.913196] systemd[1]: Starting Nameserver information manager...
[   21.949359] EXT4-fs (sda1): re-mounted. Opts: (null)
         Starting Nameserver information [   22.045699] Loading iSCSI transport class v2.0-870.
manager...
[   22.185357] systemd[1]: Mounting Huge Pages File System...
         Mounting Huge Pages File System...
[   22.254377] systemd[1]: Starting Journal Service...
         Starting Journal Service...
[   22.281721] systemd[1]: Starting Create list of required static device nodes for the current kernel...
         Starting Create list of required st... nodes for the current kernel...
[   22.548034] systemd[1]: Starting Set console keymap...
[   22.579474] iscsi: registered transport (tcp)
         Starting Set console keymap...
[   22.677707] systemd[1]: Starting Uncomplicated firewall...
         Starting Uncomplicated firewall...
[   22.870139] systemd[1]: Mounting Debug File System...
         Mounting Debug File System...
[   22.984815] systemd[1]: Mounted POSIX Message Queue File System.
[[0;32m  OK  [0m] Mounted POSIX Message Queue File System.
[   23.315989] iscsi: registered transport (iser)
[   23.368248] systemd[1]: Mounted Huge Pages File System.
[[0;32m  OK  [0m] Mounted Huge Pages File System.
[   23.517014] systemd[1]: Mounted Debug File System.
[[0;32m  OK  [0m] Mounted Debug File System.
[   23.579258] systemd[1]: Started Journal Service.
[[0;32m  OK  [0m] Started Journal Service.
[[0;32m  OK  [0m] Started Load Kernel Modules.
[[0;32m  OK  [0m] Started Remount Root and Kernel File Systems.
[[0;32m  OK  [0m] Started Create list of required sta...ce nodes for the current kernel.
[[0;32m  OK  [0m] Started Uncomplicated firewall.
[[0;32m  OK  [0m] Started Nameserver information manager.
[[0;32m  OK  [0m] Started Set console keymap.
[[0;32m  OK  [0m] Started LVM2 metadata daemon.
         Starting Create Static Device Nodes in /dev...
         Starting Load/Save Random Seed...
         Starting udev Coldplug all Devices...
         Starting Apply Kernel Variables...
         Mounting FUSE Control File System...
         Starting Flush Journal to Persistent Storage...
[[0;32m  OK  [0m] Started Load/Save Random Seed.
[[0;32m  OK  [0m] Started Create Static Device Nodes in /dev.
         Starting udev Kernel Device Manager...
[[0;32m  OK  [0m] Started Monitoring of LVM2 mirrors,...ng dmeventd or progress polling.
[[0;32m  OK  [0m] Started Apply Kernel Variables.
[[0;32m  OK  [0m] Reached target Local File Systems (Pre).
[[0;32m  OK  [0m] Reached target Local File Systems.
         Starting Commit a transient machine-id on disk...
         Starting LSB: AppArmor initialization...
         Starting Initial cloud-init job (pre-networking)...
         Starting Tell Plymouth To Write Out Runtime Data...
         Starting Set console font and keymap...
[[0;32m  OK  [0m] Mounted FUSE Control File System.
[[0;32m  OK  [0m] Started Flush Journal to Persistent Storage.
[[0;32m  OK  [0m] Started Commit a transient machine-id on disk.
[[0;32m  OK  [0m] Started Tell Plymouth To Write Out Runtime Data.
         Starting Create Volatile Files and Directories...
[[0;32m  OK  [0m] Started udev Kernel Device Manager.
[[0;32m  OK  [0m] Started Create Volatile Files and Directories.
         Starting Update UTMP about System Boot/Shutdown...
[[0;32m  OK  [0m] Started Update UTMP about System Boot/Shutdown.
[[0;32m  OK  [0m] Started udev Coldplug all Devices.
[[0;32m  OK  [0m] Started Dispatch Password Requests to Console Directory Watch.
[[0;32m  OK  [0m] Found device /dev/ttyS0.
[[0;32m  OK  [0m] Listening on Load/Save RF Kill Switch Status /dev/rfkill Watch.
[[0;32m  OK  [0m] Started LSB: AppArmor initialization.
[   39.960565] cloud-init[457]: Cloud-init v. 19.1-1-gbaa47854-0ubuntu1~16.04.1 running 'init-local' at Fri, 23 Aug 2019 16:35:09 +0000. Up 34.01 seconds.
[[0;32m  OK  [0m] Started Initial cloud-init job (pre-networking).
[[0;32m  OK  [0m] Reached target Network (Pre).
         Starting Raise network interfaces...
[[0;32m  OK  [0m] Started Set console font and keymap.
[[0;32m  OK  [0m] Created slice system-getty.slice.
[[0;32m  OK  [0m] Started Raise network interfaces.
         Starting Initial cloud-init job (metadata service crawler)...
[[0;32m  OK  [0m] Reached target Network.
[   54.220322] cloud-init[944]: Cloud-init v. 19.1-1-gbaa47854-0ubuntu1~16.04.1 running 'init' at Fri, 23 Aug 2019 16:35:24 +0000. Up 48.91 seconds.
[   54.238196] cloud-init[944]: ci-info: ++++++++++++++++++++++++++++++++++++++Net device info++++++++++++++++++++++++++++++++++++++
[   54.246765] cloud-init[944]: ci-info: +--------+------+----------------------------+---------------+--------+-------------------+
[   54.265961] cloud-init[944]: ci-info: | Device |  Up  |          Address           |      Mask     | Scope  |     Hw-Address    |
[   54.322457] cloud-init[944]: ci-info: +--------+------+----------------------------+---------------+--------+-------------------+
[   54.378639] cloud-init[944]: ci-info: | enp0s3 | True |         10.0.2.15          | 255.255.255.0 | global | 02:46:62:72:a1:53 |
[   54.470021] cloud-init[944]: ci-info: | enp0s3 | True | fe80::46:62ff:fe72:a153/64 |       .       |  link  | 02:46:62:72:a1:53 |
[   54.504491] cloud-init[944]: ci-info: |   lo   | True |         127.0.0.1          |   255.0.0.0   |  host  |         .         |
[   54.527854] cloud-init[944]: ci-info: |   lo   | True |          ::1/128           |       .       |  host  |         .         |
[   54.578144] cloud-init[944]: ci-info: +--------+------+----------------------------+---------------+--------+-------------------+
[   54.698597] cloud-init[944]: ci-info: +++++++++++++++++++++++++++Route IPv4 info++++++++++++++++++++++++++++
[   54.708805] cloud-init[944]: ci-info: +-------+-------------+----------+---------------+-----------+-------+
[   54.751213] cloud-init[944]: ci-info: | Route | Destination | Gateway  |    Genmask    | Interface | Flags |
[   54.802003] cloud-init[944]: ci-info: +-------+-------------+----------+---------------+-----------+-------+
[   54.878668] cloud-init[944]: ci-info: |   0   |   0.0.0.0   | 10.0.2.2 |    0.0.0.0    |   enp0s3  |   UG  |
[   54.885099] cloud-init[944]: ci-info: |   1   |   10.0.2.0  | 0.0.0.0  | 255.255.255.0 |   enp0s3  |   U   |
[[0;32m  OK  [0m] Started Initial cloud-init job (metadata service crawler).[   54.923642] cloud-init[944]: ci-info: +-------+-------------+----------+---------------+-----------+-------+

[   54.937304] cloud-init[944]: [[0;32m  OK  [0m] Reached target Cloud-config availability.ci-info: +++++++++++++++++++Route IPv6 info+++++++++++++++++++
[   54.947981] 
[[0;32m  OK  [0mcloud-init[944]: ci-info: +-------+-------------+---------+-----------+-------+] Reached target Network is Online.

[   54.966092] cloud-init[944]: ci-info: | Route | Destination | Gateway | Interface | Flags |
         Starting iSCSI initiator daemon (iscsid)...
[[0;32m  OK  [0m] Reached target System Initialization.
[   55.004660] cloud-init[944]: ci-info: +-------+-------------+---------+-----------+-------+
[   55.103609] cloud-init[944]: ci-info: |   0   |  fe80::/64  |    ::   |   enp0s3  |   U   |[[0;32m  OK  [0m] Started Daily apt download activities.

[[0;32m  OK  [0m] Started ACPI Events Check.
[[0;32m  OK  [0m] Reached target Paths.
[[0;32m  OK  [0m] Listening on ACPID Listen Socket.[   55.154715] cloud-init[944]: ci-info: |   4   |   ff00::/8  |    ::   |   enp0s3  |   U   |
[   55.182521] cloud-init[944]: ci-info: +-------+-------------+---------+-----------+-------+

[   55.208306] cloud-init[944]: Generating public/private rsa key pair.
         Starting LXD - unix socket.
[   55.221083] cloud-init[944]: Your identification has been saved in /etc/ssh/ssh_host_rsa_key.[[0;32m  OK  [0m] Started Daily Cleanup of Temporary Directories.
         
[   55.245496] cloud-init[944]: Your public key has been saved in /etc/ssh/ssh_host_rsa_key.pub.Starting Socket activation for snappy daemon.
[   55.291656] cloud-init[944]: The key fingerprint is:
[   55.300172] 
[[0;32m  OK  [0m] Listening on UUID daemon activation socket.cloud-init[944]: SHA256:LJNdCi7cp35G7DFEFsi6aZ0RaG8ozTb/AQGztmg9CYM root@ubuntu-xenial
[
[0;32m  OK  [0m] Listening on D-Bus System Message Bus Socket.
[[   55.326268] cloud-init[944]: The key's randomart image is:[0;32m  OK  [0m] Started Daily apt upgrade and clean activities.
[[0;32m  OK  [0m] Reached target Timers.

[   55.392953] cloud-init[944]: +---[RSA 2048]----+
[[0;32m  OK  [0m] Listening on LXD - unix socket.
[[0;32m  OK  [0m] Listening on Socket activation for snappy daemon.[   55.410716] cloud-init[944]: 
|    o+ ...       |
[   55.487763] cloud-init[944]: | .  oo= o        |[[0;32m  OK  [0m
[   55.513578] cloud-init[944]: |E o+o+.=  .      |
[   55.515914] ] Reached target Sockets.
[[0;32m  OK  [0m] Reached target Basic System.
cloud-init[944]: |  .BB===.o       |
[   55.579255] cloud-init[944]: |  ooBB**S        |
         Starting System Logging Service...[   55.584826] cloud-init[944]: | .  +o+=*        |
[   55.587284] cloud-init
[944]: |   .  .+ +       |
[   55.597828] cloud-init[944]: |     .  =        |
[   55.600573] cloud-init[944]: |      .o         |
[   55.603796] cloud-init[944]: +----[SHA256]-----+
[   55.781393] cloud-init[944]: Generating public/private dsa key pair.         Starting LXD - container startup/shutdown...

[   55.797500] cloud-init[944]: Your identification has been saved in /etc/ssh/ssh_host_dsa_key.         
[   55.853361] cloud-init[944]: Your public key has been saved in /etc/ssh/ssh_host_dsa_key.pub.
[   55.853784] cloud-init[944]: The key fingerprint is:
[   55.854098] cloud-init[944]: SHA256:ywJCsdoelDeg4siEEpBzDYqW4Ds0rlqvNZBalQS5Qmg root@ubuntu-xenial
[   55.854315] cloud-init[944]: The key's randomart image is:
[   55.855044] cloud-init[944]: +---[DSA 1024]----+
[   55.855416] cloud-init[944]: |*.==.            |
[   55.855705] cloud-init[944]: |OE+*..           |
[   55.868079] cloud-init[944]: |XX=.=            |
[   55.868797] cloud-init[944]: |%=++ .           |
Starting Accounts Service...
[   55.958910] cloud-init[944]: |oBB .   S        |         
[   56.071526] cloud-init[944]: |.+.+ . . .       |
[   56.076623] cloud-init[944]: |o o o . o        |
[   56.080172] cloud-init[944]: |.. o . .         |
[   56.082889] cloud-init[944]: |. ...            |
[   56.089956] cloud-init[944]: +----[SHA256]-----+
[   56.092827] cloud-init[944]: Generating public/private ecdsa key pair.Starting /etc/rc.local Compatibility...

[   56.128881] cloud-init[944]: Your identification has been saved in /etc/ssh/ssh_host_ecdsa_key.
[   56.186841] cloud-init[944]: Your public key has been saved in /etc/ssh/ssh_host_ecdsa_key.pub.[[0;32m  OK  [0m
[   56.204649] cloud-init[944]: The key fingerprint is:
] Started Regular background program processing daemon.
         Starting Virtualbox guest utils...
[   56.275027] cloud-init[944]: SHA256:lgfEF5PV2Fgs9YedGoYn3Tkk821D2ETDdtkbdsYPF6k root@ubuntu-xenial
[   56.472212] cloud-init[944]: The key's randomart image is:
[   56.479766]          Starting Pollinate to seed the pseudo random number generator...
cloud-init[944]: +---[ECDSA 256]---+
[[0;32m  OK  [0m] Started ACPI event daemon.
[   56.672092] cloud-init[944]: |       .. o+.@OO=|
[   56.781623] cloud-init[944]: |       .. o.*.%%%|
         Starting LSB: MD monitoring daemon...
[   56.812525] cloud-init[944]: |        .. o *=@%|
         Starting LSB: Record successful boot for GRUB...
[   56.914898]          Starting Snappy daemon...
cloud-init[944]: |         o  +Eoo=|
         Starting Login Service...
[[0;32m  OK  [0m] Started Deferred execution scheduler.
[[0;32m  OK  [0m] Started D-Bus System Message Bus.[   56.995263] cloud-init[944]: |        S .  .   |

[   57.417615] cloud-init[944]: |       . .       |
[   57.589202] cloud-init[944]: |                 |
[   57.630217] cloud-init[944]: |                 |
[   57.646752] cloud-init[944]: |                 |
[   57.707744] cloud-init[944]: +----[SHA256]-----+
[   57.765762] cloud-init[944]: Generating public/private ed25519 key pair.
[   57.904188] cloud-init[944]: Your identification has been saved in /etc/ssh/ssh_host_ed25519_key.
[   58.022404] cloud-init[944]: Your public key has been saved in /etc/ssh/ssh_host_ed25519_key.pub.
[   58.045070] cloud-init[944]: The key fingerprint is:
[   58.069364] cloud-init[944]: SHA256:2xfBXv1zqbvyXFwyADhChewUdt+z7VRyzOS42Y1YbB0 root@ubuntu-xenial
[   58.170254] cloud-init[944]: The key's randomart image is:
[   58.219323] cloud-init[944]: +--[ED25519 256]--+
[   58.243411] cloud-init[944]: |     o++o..    E.|
[   58.256216] cloud-init[944]: |     .=.o. + . O.|
[   58.300113] cloud-init[944]: |     o . .. * B O|
[   58.324704] cloud-init[944]: |      .    . @ O+|
[   58.356206] cloud-init[944]: |        S   = Oo*|
[   58.364133] cloud-init[944]: |         o   +oo+|
[   58.381926] cloud-init[944]: |        . . ...o |
[   58.440485] cloud-init[944]: |           o. o  |
[   58.491758] cloud-init[944]: |            o=.  |
[   58.496351] cloud-init[944]: +----[SHA256]-----+
[[0;32m  OK  [0m] Started FUSE filesystem for LXC.
[[0;32m  OK  [0m] Started System Logging Service.
[[0;32m  OK  [0m] Started iSCSI initiator daemon (iscsid).
[[0;32m  OK  [0m] Started /etc/rc.local Compatibility.
[[0;32m  OK  [0m] Started Login Service.
[[0;32m  OK  [0m] Started Unattended Upgrades Shutdown.
         Starting Authenticate and Authorize Users to Run Privileged Tasks...
         Starting Login to default iSCSI targets...
[[0;32m  OK  [0m] Started LXD - container startup/shutdown.
[[0;32m  OK  [0m] Started LSB: Record successful boot for GRUB.
[[0;32m  OK  [0m] Started Authenticate and Authorize Users to Run Privileged Tasks.
[[0;32m  OK  [0m] Started Accounts Service.
[[0;32m  OK  [0m] Started Login to default iSCSI targets.
[[0;32m  OK  [0m] Reached target Remote File Systems (Pre).
[[0;32m  OK  [0m] Reached target Remote File Systems.
         Starting LSB: automatic crash report generation...
         Starting LSB: daemon to balance interrupts for SMP systems...
         Starting LSB: Set the CPU Frequency Scaling governor to "ondemand"...
         Starting Permit User Sessions...
[[0;32m  OK  [0m] Started LSB: MD monitoring daemon.
[[0;32m  OK  [0m] Started Permit User Sessions.
         Starting Terminate Plymouth Boot Screen...
         Starting Hold until boot process finishes up...
[[0;32m  OK  [0m] Started Hold until boot process finishes up.
[[0;32m  OK  [0m] Started Terminate Plymouth Boot Screen.
         Starting Set console scheme...
[[0;32m  OK  [0m] Started Getty on tty1.
[[0;32m  OK  [0m] Started Serial Getty on ttyS0.
[[0;32m  OK  [0m] Reached target Login Prompts.
[[0;32m  OK  [0m] Started Set console scheme.
[[0;32m  OK  [0m] Started LSB: Set the CPU Frequency Scaling governor to "ondemand".
[[0;32m  OK  [0m] Started Virtualbox guest utils.
[[0;32m  OK  [0m] Started LSB: automatic crash report generation.
[[0;32m  OK  [0m] Started LSB: daemon to balance interrupts for SMP systems.
[[0;32m  OK  [0m] Started Snappy daemon.
         Starting Wait until snapd is fully seeded...
[[0;32m  OK  [0m] Started Pollinate to seed the pseudo random number generator.
         Starting OpenBSD Secure Shell server...

Ubuntu 16.04.6 LTS ubuntu-xenial ttyS0

ubuntu-xenial login: [   77.482622] cloud-init[1350]: Generating locales (this might take a while)...
[   87.339047] cloud-init[1350]:   en_US.UTF-8... done
[   87.351719] cloud-init[1350]: Generation complete.
[   91.186184] cloud-init[1350]: Cloud-init v. 19.1-1-gbaa47854-0ubuntu1~16.04.1 running 'modules:config' at Fri, 23 Aug 2019 16:35:50 +0000. Up 75.22 seconds.
ci-info: no authorized ssh keys fingerprints found for user ubuntu.
<14>Aug 23 16:36:11 ec2: 
<14>Aug 23 16:36:11 ec2: #############################################################
<14>Aug 23 16:36:11 ec2: -----BEGIN SSH HOST KEY FINGERPRINTS-----
<14>Aug 23 16:36:11 ec2: 1024 SHA256:ywJCsdoelDeg4siEEpBzDYqW4Ds0rlqvNZBalQS5Qmg root@ubuntu-xenial (DSA)
<14>Aug 23 16:36:11 ec2: 256 SHA256:lgfEF5PV2Fgs9YedGoYn3Tkk821D2ETDdtkbdsYPF6k root@ubuntu-xenial (ECDSA)
<14>Aug 23 16:36:11 ec2: 256 SHA256:2xfBXv1zqbvyXFwyADhChewUdt+z7VRyzOS42Y1YbB0 root@ubuntu-xenial (ED25519)
<14>Aug 23 16:36:11 ec2: 2048 SHA256:LJNdCi7cp35G7DFEFsi6aZ0RaG8ozTb/AQGztmg9CYM root@ubuntu-xenial (RSA)
<14>Aug 23 16:36:11 ec2: -----END SSH HOST KEY FINGERPRINTS-----
<14>Aug 23 16:36:11 ec2: #############################################################
-----BEGIN SSH HOST KEY KEYS-----
ecdsa-sha2-nistp256 AAAAE2VjZHNhLXNoYTItbmlzdHAyNTYAAAAIbmlzdHAyNTYAAABBBEaDj5LCFOcK4hKMgBwYKjvQkEQSg0kWJFpNXfrgp33pu00+DyZa4q+YW1We2awjkaZt8g1mrNROnDSQpx1H4Wg= root@ubuntu-xenial
ssh-ed25519 AAAAC3NzaC1lZDI1NTE5AAAAIKOEpmMlK14if9IZprVrezgupbvqAQkg8XXfql07PGlo root@ubuntu-xenial
ssh-rsa AAAAB3NzaC1yc2EAAAADAQABAAABAQDZlSc8q1TBzciCEa3//22e6a0VJ+GY6Ee+JZd3DiC/iAya7N8l9Y9DEa7J6H0Iw3uinV3L1hnsogQmr4Or4UBjWUeGSlWFPRSoQgS9LxmQp18Vm9HbVkoWfVkh/bRpeXCIMSM5lSXifX3GtlqLp9QN5A4yHghfhdTbeEVm3P8mh03u3rHnjkw+Bbiw5u89NlNdumz7sA1jUIXhx2furkBV1rgR8ECZ8158Cy5tZaOHwyYYDqQrcvXYiHYXQPRLY0Y/7rj591pA+YcP+CiVVF5Ba6JxI42NutH94DdBv6LfQYuX3l30l3j77TUfEIT+UjAOyPvcm46/5Cf0CE/NmUwb root@ubuntu-xenial
-----END SSH HOST KEY KEYS-----
[   96.361660] cloud-init[1564]: Cloud-init v. 19.1-1-gbaa47854-0ubuntu1~16.04.1 running 'modules:final' at Fri, 23 Aug 2019 16:36:10 +0000. Up 94.93 seconds.
[   96.362870] cloud-init[1564]: ci-info: no authorized ssh keys fingerprints found for user ubuntu.
[   96.363510] cloud-init[1564]: Cloud-init v. 19.1-1-gbaa47854-0ubuntu1~16.04.1 finished at Fri, 23 Aug 2019 16:36:11 +0000. Datasource DataSourceNoCloud [seed=/dev/sdb][dsmode=net].  Up 96.27 seconds
