[    0.000000] Initializing cgroup subsys cpuset
[    0.000000] Initializing cgroup subsys cpu
[    0.000000] Initializing cgroup subsys cpuacct
[    0.000000] Linux version 4.4.0-157-generic (buildd@lgw01-amd64-037) (gcc version 5.4.0 20160609 (Ubuntu 5.4.0-6ubuntu1~16.04.10) ) #185-Ubuntu SMP Tue Jul 23 09:17:01 UTC 2019 (Ubuntu 4.4.0-157.185-generic 4.4.181)
[    0.000000] Command line: BOOT_IMAGE=/boot/vmlinuz-4.4.0-157-generic root=LABEL=cloudimg-rootfs ro console=tty1 console=ttyS0
[    0.000000] KERNEL supported cpus:
[    0.000000]   Intel GenuineIntel
[    0.000000]   AMD AuthenticAMD
[    0.000000]   Centaur CentaurHauls
[    0.000000] x86/fpu: Legacy x87 FPU detected.
[    0.000000] e820: BIOS-provided physical RAM map:
[    0.000000] BIOS-e820: [mem 0x0000000000000000-0x000000000009fbff] usable
[    0.000000] BIOS-e820: [mem 0x000000000009fc00-0x000000000009ffff] reserved
[    0.000000] BIOS-e820: [mem 0x00000000000f0000-0x000000000fffff] reserve
[    0.000000] BIOS-e820: [mem 0x0000000000100000-0x000000003ffeffff] usable
[    0.000000] BIOS-e820: [mem 0x000000003fff0000-0x000000003fffffff] ACPI data
[    0.000000] BIO-e820: [mem 0x00000000fec00000-0x00000000fec00fff] reserved
[    0.000000] BIOS-e820: [mem 0x00000000fee00000-0x00000000fee00fff] reserved
[    0.000000] BIOS-e820: [mem 0x00000000fffc0000-0x00000000ffffffff] reserved
[    0.000000] NX (Execute Disable) protection: active
[    0.000000] SMBIOS 2.5 present.
[    0.000000] Hypervisor detected: KVM
[    0.000000] e820: last_pfn = 0x3fff0 max_arch_pfn = 0x400000000
[    0.000000] MTRR: Disabled
[    0.000000] x86/PAT: MTRRs disabled, skipping PAT initialization too.
[    0.000000] CPU MTRRs all blank - virtualized system.
[    0.000000] x86/PAT: Configuration [0-7]: WB  WT  UC- UC  WB  WT  UC- UC  
[    0.000000] found SMP MP-table at [mem 0x0009fff0-0x0009ffff] mapped at [ffff88000009fff0]
[    0.000000] Scanning 1 areas for low memory corruption
[    0.000000] RAMDISK: [mem 0x362fa000-0x37174fff]
[    0.000000] ACPI: Early table checksum verification disabled
[    0.000000] ACPI: RSDP 0x00000000000E0000 000024 (v02 VBOX  )
[    0.000000] ACPI: XSDT 0x000000003FFF0030 00003C (v01 VBOX   VBOXXSDT 00000001 ASL  00000061)
[    0.000000] ACPI: FACP 0x000000003FFF00F0 0000F4 (v04 VBOX   VBOXFACP 00000001 ASL  00000061)
[    0.000000] ACPI: DSDT 0x000000003FFF0470 0021FF (v02 VBOX   VBOXBIOS 00000002 INTL 20180105)
[    0.000000] ACPI: FACS 0x000000003FFF0200 000040
[    0.000000] ACPI: FACS 0x000000003FFF0200 000040
[    0.000000] ACPI: APIC 0x000000003FFF0240 00005C (v02 VBOX   VBOXAPIC 00000001 ASL  00000061)
[    0.000000] ACPI: SSDT 0x000000003FFF02A0 0001CC (v01 VBOX   VBOXCPUT 00000002 INTL 20180105)
[    0.000000] No NUMA configuration found
[    0.000000] Faking a node at [mem 0x0000000000000000-0x000000003ffeffff]
[    0.000000] NODE_DATA(0) allocated [mem 0x3ffeb000-0x3ffeffff]
[    0.000000] kvm-clock: Using msrs 4b564d01 and 4b564d00
[    0.000000] kvm-clock: cpu 0, msr 0:3ffe3001, primary cpu clock
[    0.000000] kvm-clock: using sched offset of 5199128204 cycles
[    0.000000] clocksource: kvm-clock: mask: 0xffffffffffffffff max_cycles: 0x1cd42e4dffb, max_idle_ns: 881590591483 ns
[    0.000000] Zone ranges:
[    0.000000]   DMA      [mem 0x0000000000001000-0x0000000000ffffff]
[    0.000000]   DMA32    [mem 0x0000000001000000-0x00000003ffeffff]
[    0.000000]   Normal   empty
[    0.000000]   Device   empty
    0.000000] Movable zone start for each node
[    0.000000] Early memory node ranges
[    0.000000]   node   0: [mem 0x000000000000100-0x000000000009efff]
[    0.000000]   node   0: [mem 0x0000000000100000-0x000000003ffeffff]
[    0.000000] Initmem setup node 0 [mem 0x0000000000001000-0x000000003ffeffff]
[    0.000000] ACPI: PM-Timer IO Port: 0x4008
[    0.000000] IOAPIC[0]: apic_id 2, version 32, address 0xfec00000, GSI 0-23
[    0.000000] ACPI: INT_SRC_OVR (bus 0 bus_irq 0 global_irq 2 dfl dfl)
[    0.000000] ACPI: INT_SRC_OVR (bus 0 bus_irq 9 global_irq 9 lw level)
[    0.000000] Using ACPI (MADT) for SMP configuration information
[    0.000000] smpboot: Allowing 2 CPUs, 0 hotplug CPUs
[    0.000000] PM: Registered nosave memory: [mem 0x00000000-0x00000fff]
[    0.000000] PM: Registered nosave memory: [mem 0x0009f000-0x0009ffff]
[    0.000000] PM: Registered nosave memory: [mem 0x000a0000-0x000effff]
[    0.000000] PM: Registered nosave memory: [mem 0x000f0000-0x000fffff]
[    0.000000] e820: [mem 0x40000000-0xfebfffff] available for PCI devices
[    0.000000] Booting paravirtualized kernel on KVM
[    0.000000] clocksource: refined-jiffies: mask: 0xffffffff max_cycles: 0xffffffff, max_idle_ns: 7645519600211568 ns
[    0.000000] setup_percpu: NR_CPUS:512 nr_cpumask_bits:512 nr_cpu_ids:2 nr_node_ids:1
[    0.000000] PERCPU: Embedded 34 pages/cpu @ffff88003fc00000 s99544 r8192 d31528 u1048576
[    0.000000] Built 1 zonelists in Node order, mobility grouping on.  Total pages: 257912
[    0.000000] Policy zone: DMA32
[    0.000000] Kernel command line: BOOT_IMAGE=/boot/vmlinuz-4.4.0-157-generic root=LABEL=cloudimg-rootfs ro console=tty1 console=ttyS0
[    0.000000] PID hash table entries: 4096 (order: 3, 32768 bytes)
[    0.000000] Memory: 997732K/1048120K available (8618K kernel code, 1335K rwdata, 4032K rodata 1484K init, 1284K bss, 50388K reserved, 0K cma-reserved)
[    0.000000] SLUB: HWalign=64, Order=0-3, MinObjects=0, CPUs=2, Nodes=1
[    0.000000] Kernel/User page tables isolation: enabled
[    0.000000] Hierarchical RCU implementation.
[    0.000000] 	Build-time adjustment of leaf fanout to 64.
[    0.000000] 	RCU restricting CPUs from NR_CPUS=512 to nr_cpu_ids=2.
[    0.000000] RCU: Adjusting geometry for rcu_fanout_lea=64, nr_cpu_ids=2
[    0.000000] NR_IRQS:33024 nr_irqs:440 16
[    0.0000000] Console: colour VGA+ 80x25
[    0.000000] console [tty1] enabled
[    0.000000] console [ttyS0] enabled
[    0.000000] tsc: Detected 2992.480 MHz processor
[    1.525791] Calibrating delay loop (skipped) preset value.. 5984.96 BogoMIPS (lpj=11969920)
[    1.601082] pid_max: default: 32768 minimum: 301
[    1.640105] ACPI: Core revision 20150930
[    1.720925] ACPI: 2 ACPI AML tables successfully acquired and loaded
[    1.723096] Security Framework initialized
[    1.724515] Yama: becoming mindful.
[    1.725882] AppArmor: AppArmor initialized
[    1.727467] Dentry cache hash table entries: 131072 (order: 8, 1048576 bytes)
[    1.730107] Inode-cache hash table entries: 65536 (order: 7, 524288 bytes)
[    1.732393] Mount-cache hash table entries: 2048 (order: 2, 16384 bytes)
[    1.734355] Mountpoint-cache hash table entries: 2048 (order: 2, 16384 bytes)
[    1.741258] Initializing cgroup subsys io
[    1.742663] Initializing cgroup subsys memory
[    1.744178] Initializing cgroup subsys devices
[    1.745672] Initializing cgroup subsys freezer
[    1.747177] Initializing cgroup subsys net_cls
[    1.748665] Initializing cgroup subsys perf_event
[    1.750250] Initializing cgroup subsys net_prio
[    1.751763] Initializing cgroup subsys hugetlb
[    1.753244] Initializing cgroup subsys pids
[    1.754786] mce: CPU supports 0 MCE banks
[    1.764240] Last level iTLB entries: 4KB 128, 2MB 4, 4MB 4
[    1.765950] Last level dTLB entries: 4KB 256, 2MB 0, 4MB 32, 1GB 0
[    1.767813] Spectre V2 : Mitigation: Full generic retpoline
[    1.769537] Spectre V2 : Spectre v2 / SpectreRSB mitigation: Filling RSB on context switch
[    1.916685] Speculative Store Bypass: Vulnerable
[    2.016830] MDS: Vulnerable: Clear CPU buffers attempted, no microcode
[    2.171707] Freeing SMP alternatives memory: 36K
[    2.180879] ftrace: allocating 32312 entries in 127 pages
[    2.251378] smpboot: APIC(0) Converting physical 0 to logical package 0
[    2.400083] smpboot: Max logical packages: 1
[    2.500546] x2apic enabled
[    2.502200] Switched APIC routing to physical x2apic.
[    2.506192] ..TIMER: vector=0x30 apic1=0 pin1=2 apic2=-1 pin2=-1
[    2.615342] smpboot: CPU0: Intel(R) Core(TM)2 Duo CPU     E8400  @ 3.00GHz (family: 0x6, model: 0x17, stepping: 0xa)
[    2.632162] Performance Events: unsupported p6 CPU model 23 no PMU driver, software events only.
[    2.747035] KVM setup paravirtual spinlock
[    2.821740] x86: Booting SMP configuration:
[    2.823169] .... node  #0, CPUs:      #1
[    2.824582] kvm-clock: cpu 1, msr 0:3ffe3041, secondary cpu clock
[    2.839288] mce: CPU supports 0 MCE banks
[    2.842491] x86: Booted up 1 node, 2 CPUs
[    2.844372] smpboot: Total of 2 processors activated (11969.92 BogoMIPS)
[    2.846943] devtmpfs: initialized
[    2.850653] evm: security.selinux
[    2.851891] evm: security.SMACK64
[    2.853128] evm: security.SMACK64EXEC
[    2.854474] evm: security.SMACK64TRANSMUTE
[    2.855876] evm: security.SMACK64MMAP
[    2.857198] evm: security.ima
[    2.858373] evm: security.capability
[    2.859883] clocksource: jiffies: mask: 0xffffffff max_cycles: 0xffffffff, max_idle_ns: 7645041785100000 ns
[    2.863054] futex hash table entries: 512 (order: 3, 32768 bytes)
[    2.865073] pinctrl core: initialized pinctrl subsystem
[    2.866908] RTC time: 17:11:26, date: 08/23/19
[    2.868814] NET: Registered protocol family 16
[    2.883124] cpuidle: using governor ladder
[    2.899185] cpuidle: using governor menu
[    2.900657] PCCT header not found.
[    2.901973] ACPI: bus type PCI registered
[    2.903374] acpiphp: ACPI Hot Plug PCI Controller Driver version: 0.5
[    2.905400] PCI: Using configuration type 1 for base access
[    2.924018] ACPI: Added _OSI(Module Device)
[    2.925449] ACPI: Added _OSI(Processor Device)
[    2.926930] ACPI: Added _OSI(3.0 _SCP Extensions)
[    2.981696] ACPI: Added _OSI(Processor Aggregator Device)
[    3.088822] ACPI: Executed 1 blocks of module-level executable AML code
[    3.143778] ACPI: Interpreter enabled
[    3.169939] ACPI: (supports S0 S5)
[    3.171206] ACPI: Using IOAPIC for interrupt routing
[    3.234063] PCI: Using host bridge windows from ACPI; if necessary, use "pci=nocrs" and report a bug
[    3.241614] ACPI: PCI Root Bridge [PCI0] (domain 0000 [bus 00-ff])
[    3.243472] acpi PNP0A03:00: _OSC: OS supports [ASPM ClockPM Segments MSI]
[    3.356251] acpi PNP0A03:00: _OSC: not requesting OS control; OS requires [ExtendedConfig ASPM ClockPM MSI]
[    3.359333] acpi PNP0A03:00: fail to add MMCONFIG information, can't access extended PCI configuration space under this bridge.
[    3.487114] PCI host bridge to bus 0000:00
[    3.509840] pci_bus 0000:00: root bus resource [io  0x0000-0x0cf7 window]
[    3.511817] pci_bus 0000:00: root bus resource [io  0x0d00-0xffff window]
[    3.513801] pci_bus 0000:00: root bus resource [mem 0x000a0000-0x000bffff window]
[    3.516391] pci_bus 0000:00: root bus resource [mem 0x40000000-0xfdffffff window]
[    3.518977] pci_bus 0000:00: root bus resource [bus 00-ff]
[    3.555028] pci 0000:00:01.1: legacy IDE quirk: reg 0x10: [io  0x01f0-0x01f7]
[    3.704661] pci 0000:00:01.1: legacy IDE quirk: reg 0x14: [io  0x03f6]
[    3.787889] pci 0000:00:01.1: legacy IDE quirk: reg 0x18: [io  0x0170-0x0177]
[    3.790073] pci 0000:00:01.1: legacy IDE quirk: reg 0x1c: [io  0x0376]
[    3.846523] pci 0000:00:07.0: quirk: [io  0x4000-0x403f] claimed by PIIX4 ACPI
[    3.850298] pci 0000:00:07.0: quirk: [io  0x4100-0x410f] claimed by PIIX4 SMB
[    3.865458] ACPI: PCI Interrupt Link [LNKA] (IRQs 5 9 10 *11)
[    3.873479] ACPI: PCI Interrupt Link [LNKB] (IRQs 5 9 *10 11)
[    3.875922] ACPI: PCI Interrupt Link [LNKC] (IRQs 5 *9 10 11)
[    3.878339] ACPI: PCI Interrupt Link [LNKD] (IRQs 5 9 10 *11)
[    3.880864] ACPI: Enabled 2 GPEs in block 00 to 07
[    3.905727] vgaarb: setting as boot device: PCI:0000:00:02.0
[    3.907482] vgaarb: device added: PCI:0000:00:02.0,decodes=io+mem,owns=io+mem,locks=none
[    3.910241] vgaarb: loaded
[    3.911357] vgaarb: bridge control possible 0000:00:02.0
[    3.913718] SCSI subsystem initialized
[    3.915515] ACPI: bus type USB registered
[    3.916964] usbcore: registered new interface driver usbfs
[    3.918897] usbcore: registered new interface driver hub
[    3.920619] usbcore: registered new device driver usb
[    3.922681] PCI: Using ACPI for IRQ routing
[    3.924823] NetLabel: Initializing
[    3.926107] NetLabel:  domain hash size = 128
[    3.927614] NetLabel:  protocols = UNLABELED CIPSOv4
[    3.929245] NetLabel:  unlabeled traffic allowed by default
[    3.931387] amd_nb: Cannot enumerate AMD northbridges
[    3.933128] clocksource: Switched to clocksource kvm-clock
[    3.949598] AppArmor: AppArmor Filesystem Enabled
[    4.12085] pnp: PnP ACPI init
[    4.221275] pnp: PnP ACPI: found 3 devices

[    4.234442] clocksource: acpi_pm: mask: 0xffffff max_cycles: 0xffffff, max_idle_ns: 2085701024 ns
[    4.237576] NET: Registered protocol family 2
[    4.239609] TCP established hash table entries: 8192 (order: 4, 65536 bytes)
[    4.242943] TCP bind hash table entries: 8192 (order: 5, 131072 bytes)
[    4.245020] TCP: Hash tables configured (established 8192 bind 8192)
[    4.247073] UDP hash table entries: 512 (order: 2, 16384 bytes)
[    4.248988] UDP-Lite hash table entries: 512 (order: 2, 16384bytes)
[    4.281676] NET: Registered protocol family 1
[    4.283252] pci 0000:00:00.0: Limiting direct PCI/PCI transfers
[    4.285160] pci 0000:00:01.0: Activating ISA DMA hang workarounds
[    4.287356] Unpacking initramfs...
[  4.545303] Freeing initrd memory: 14828K
[    4.605390] clocksource: tsc: mask: 0xffffffffffffffff max_cycles: 0x2b2285792ea, max_idle_ns:440795280120 ns
[    4.637760] platform rtc_cmos: registered platform RTC device (no PNP device found)
[    4.640474] Scanning for low memory corruption every 60 seconds

[    4.643230] audit: initializing netlink subsys (disabled)
[    4.644966] audit: type=2000 audit(1566580291.663:1): initialized
[    4.648320] Initialise system trusted keyring
[    4.650084] HugeTLB registered 2 MB page size, pre-allocated 0 pages
[    4.654065] zbud: loaded
[    4.655530] VFS: Disk quotas dquot_6.6.0
[    4.656969] VFS: Dquot-cache hash table entries: 512 (order 0, 4096 bytes)
[    4.755758] squashfs: version 4.0 (2009/01/31) Phillip Lougher
[    4.757998] fuse init (API version 7.23)
[    4.759612] Key type big_key registered
[    4.760986] Allocating IMA MOK and blacklst keyrings.
[    4.832424] Key type asymmetric registered
[    4.926220] Asymmetric key parser 'x509' registered
[    4.927927] Block layer SCSI generic (bsg) driver version 0.4 loaded (major 249)
[    4.930851] io scheduler noop registered
[    5.010050] io scheduler deadline registered (default)
[    5.011821] io scheduler cfq registered
[    5.013438] pci_hotplug: PCI Hot Plug PCI Core version: 0.5
[    5.015230] pciehp: PCI Express Hot Plug Controller Driver version: 0.4
[    5.017438] ACPI: AC Adapter [AC] (on-line)
[    5.047449] input: Power Button as /devices/LNXSYSTM:00/LNXPWRBN:00/input/input0
[    5.187918] ACPI: Power Button [PWRF]
[    5.189370] input: Sleep Button as /devices/LNXSYSTM:00/LNXSLPBN:00/input/input1
[    5.191939] ACPI: Sleep Button [SLPF]
[    5.193560] GHES: HEST is not enabled!
[    5.195102] Serial: 8250/16550 driver, 32 ports, IRQ sharing enabled
[    5.219848] 00:02: ttyS0 at I/O 0x3f8 (irq = 4, base_baud = 115200) is a 16550A
[    5.224007] Linux agpgart interface v0.103
[    5.227504] loop: module loaded
[    5.229645] scsi host0: ata_piix
[    5.231064] scsi host1: ata_piix
[    5.232340] ata1: PATA max UDMA/33 cmd 0x1f0 ctl 0x3f6 bmdma 0xd000 irq 14
[    5.271025] ata2: PATA max UDMA/33 cmd 0x170 ctl 0x376 bmdma 0xd008 irq 15
[    5.301705] libphy: Fixed MDIO Bus: probed
[    5.303249] tun: Universal TUN/TAP device driver, 1.6
[    5.304934] tun: (C) 1999-2004 Max Krasnyansky <maxk@qualcomm.com>
[    5.306931] PPP generic driver version 2.4.2
[    5.308501] ehci_hcd: USB 2.0 'Enhanced' Host Controller (EHCI) Driver
[    5.310537] ehci-pci: EHCI PCI platform driver
[    5.312042] ehci-platform: EHCI generic platform driver
[    5.313719] ohci_hcd: USB 1.1 'Open' Host Controller (OHCI) Driver
[    5.420293] ohci-pci: OHCI PCI platform driver
[    5.421947] ohci-platform: OHCI generic platform driver
[    5.431398] uhci_hcd: USB Universal Host Controller Interface driver
[    5.433470] i8042: PNP: PS/2 Controller [PNP0303:PS2K,PNP0f03:PS2M] at 0x60,0x64 irq 1,12
[    5.437039] serio: i8042 KBD port at 0x60,0x64 irq 1
[    5.441382] serio: i8042 AUX port at 0x60,0x64 irq 12
[    5.443201] mousedev: PS/2 mouse device common for all mice
[    5.445819] input: AT Translated Set 2 keyboard as /devices/platform/i8042/serio0/input/input2
[    5.448785] rtc_cmos rtc_cmos: rtc core: registered rtc_cmos as rtc0
[    5.531957] rtc_cmos rtc_cmos: alarms up to one day, 114 bytes nvram
[    5.534073] i2c /dev entries driver
[    5.535558] device-mapper: uevent: version 1.0.3
[    5.537255] device-mapper: ioctl: 4.34.0-ioctl (2015-10-28) initialised: dm-devel@redhat.com
[    5.589698] ledtrig-cpu: registered to indicate activity on CPUs
[    5.592436] NET: Registered protocol family 10
[    5.611391] NET: Registered protocol family 17
[    5.613077] Key type dns_resolver registered
[    5.615034] registered taskstats version 1
[    5.616573] Loading compiled-in X.509 certificates
[    5.619266] Loaded X.509 cert 'Build time autogenerated kernel key: 3e01e6df98386236d59670e6b2ed19a044d5324e'
[    5.662755] zswap: loaded using pool lzo/zbud
[    5.677875] Key type trusted registered
[    5.705157] Key type encrypted registered
[    5.706638] AppArmor: AppArmor sha1 policy hashing enabled
[    5.708454] ima: No TPM chip found, activating TPM-bypass!
[    5.710402] ima: Allocated hash algorithm: sha1
[    5.712017] evm: HMAC attrs: 0x1
[    5.713718]   Magic number: 15:161:189
[    5.715309] rtc_cmos rtc_cmos: setting system clock to 2019-08-23 17:11:28 UTC (1566580288)
[    5.718454] BIOS EDD facility v0.16 2004-Jun-25, 0 devices found
[    5.720363] EDD information not available.
[    5.727548] Freeing unused kernel memory: 1484K
[    5.741187] Write protecting the kernel read-only data: 14336k
[    5.757011] Freeing unused kernel memory: 1612K
[    5.758890] Freeing unused kernel memory: 64K
Loading, please wait...
starting version 229
[    5.898857] random: systemd-udevd: uninitialized urandom read (16 bytes read, 2 bits of entropy available)
[    5.905609] random: systemd-udevd: uninitialized urandom read (16 bytes read, 2 bits of entropy available)
[    5.909930] random: udevadm: uninitialized urandom read (16 bytes read, 2 bits of entropy available)
[    5.910055] random: udevadm: uninitialized urandom read (16 bytes read, 2 bits of entropy available)
[    5.920768] random: systemd-udevd: uninitialized urandom read (16 bytes read, 2 bits of entropy available)
[    5.925975] random: systemd-udevd: uninitialized urandom read (16 bytes read, 2 bits of entropy available)
[    5.959531] random: systemd-udevd: uninitialized urandom read (16 bytes read, 2 bits of entropy available)
[    5.964504] random: systemd-udevd: uninitialized urandom read (16 bytes read, 2 bits of entropy available)
[    5.969491] random: systemd-udevd: uninitialized urandom read (16 bytes read, 2 bits of entropy available)
[    5.988275] random: systemd-udevd: uninitialized urandom read (16 bytes read, 2 bits of entropy available)
[    6.343225] e1000: Intel(R) PRO/1000 Network Driver - version 7.3.21-k8-NAPI
[    6.347247] e1000: Copyright (c) 1999-2006 Intel Corporation.
[    6.354597] Fusion MPT base driver 3.04.20
[    6.371343] Copyright (c) 1999-2008 LSI Corporation
[    6.389890] Fusion MPT SPI Host driver 3.04.20
[    6.603144] input: ImExPS/2 Generic Explorer Mouse as /devices/platform/i8042/serio1/input/input4
[    6.873098] e1000 0000:00:03.0 eth0: (PCI:33MHz:32-bit) 02:46:62:72:a1:53
[    6.881971] e1000 0000:00:03.0 eth0: Intel(R) PRO/1000 Network Connection
[    6.885642] mptbase: ioc0: Initiating bringup
[    6.888536] e1000 0000:00:03.0 enp0s3: renamed from eth0
[    6.960312] ioc0: LSI53C1030 A0: Capabilities={Initiator}
[    8.121543] scsi host2: ioc0: LSI53C1030 A0, FwRev=00000000h, Ports=1, MaxQ=256, IRQ=20
[    8.920590] scsi 2:0:0:0: Direct-Access     VBOX     HARDDISK         1.0  PQ: 0 ANSI: 5
[    8.952469] scsi target2:0:0: Beginning Domain Validation
[    9.080914] scsi target2:0:0: Domain Validation skipping write tests
[    9.088213] scsi target2:0:0: Ending Domain Validation
[    9.089961] scsi target2:0:0: asynchronous
[    9.091897] scsi 2:0:1:0: Direct-Access     VBOX     HARDDISK         1.0  PQ: 0 ANSI: 5
[    9.158737] scsi target2:0:1: Beginning Domain Validation
[    9.204815] scsi target2:0:1: Domain Validation skipping write tests
[    9.226612] scsi target2:0:1: Ending Domain Validation
[    9.901048] scsi target2:0:1: asynchronous
[    9.910132] sd 2:0:0:0: [sda] 20971520 512-byte logical blocks: (10.7 GB/10.0 GiB)
[    9.913045] sd 2:0:0:0: [sda] Write Protect is off
[    9.913924] sd 2:0:0:0: Attached scsi generic sg0 type 0
[    9.916570] sd 2:0:0:0: [sda] Incomplete mode parameter data
[    9.918551] sd 2:0:1:0: [sdb] 20480 512-byte logical blocks: (10.5 MB/10.0 MiB)
[    9.918798] sd 2:0:1:0: [sdb] Write Protect is off
[    9.918972] sd 2:0:1:0: [sdb] Incomplete mode parameter data
[    9.918973] sd 2:0:1:0: [sdb] Assuming drive cache: write through
[    9.947044] sd 2:0:0:0: [sda] Assuming drive cache: write through
[    9.973403] sd 2:0:1:0: Attached scsi generic sg1 type 0
[    9.996747]  sda: sda1
[    9.997868] sd 2:0:1:0: [sdb] Attached SCSI disk
[   10.001615] sd 2:0:0:0: [sda] Attached SCSI disk
Begin: Loading essential drivers ... [   12.364063] md: linear personality registered for level -1
[   12.394916] md: multipath personality registered for level -4
[   12.417230] md: raid0 personality registered for level 0
[   12.446905] md: raid1 personality registered for level 1
[   12.561145] raid6: sse2x1   gen()  4627 MB/s
[   12.636750] raid6: sse2x1   xor()  4967 MB/s
[   12.705148] raid6: sse2x2   gen()  5930 MB/s
[   12.857146] raid6: sse2x2   xor()  5703 MB/s
[   12.925131] raid6: sse2x4   gen()  7726 MB/s
[   12.993153] raid6: sse2x4   xor()  6495 MB/s
[   12.994642] raid6: using algorithm sse2x4 gen() 7726 MB/s
[   12.996362] raid6: .... xor() 6495 MB/s, rmw enabled
[   12.998008] raid6: using ssse3x2 recovery algorithm
[   13.001743] xor: measuring software checksum speed
[   13.049139]    prefetch64-sse: 12011.000 MB/sec
[   13.089139]    generic_sse: 10693.000 MB/sec
[   13.090610] xor: using function: prefetch64-sse (12011.000 MB/sec)
[   13.094158] async_tx: api initialized (async)
[   13.137662] md: raid6 personality registered for level 6
[   13.161917] md: raid5 personality registered for level 5
[   13.163658] md: raid4 personality registered for level 4
[   13.211625] md: raid10 personality registered for level 10
done.
Begin: Running /scripts/init-premount ... done.
Begin: Mounting root file system ... Begin: Running /scripts/local-top ... done.
Begin: Running /scripts/local-premount ... [   13.362346] Btrfs loaded
Scanning for Btrfs filesystems
done.
Warning: fsck not present, so skipping root file system
[   13.580285] EXT4-fs (sda1): mounted filesystem with ordered data mode. Opts: (null)
done.
Begin: Running /scripts/local-bottom ... done.
Begin: Running /scripts/init-bottom ... done.
[   14.435429] systemd[1]: systemd 229 running in system mode. (+PAM +AUDIT +SELINUX +IMA +APPARMOR +SMACK +SYSVINIT +UTMP +LIBCRYPTSETUP +GCRYPT +GNUTLS +ACL +XZ -LZ4 +SECCOMP +BLKID +ELFUTILS +KMOD -IDN)
[   14.475273] systemd[1]: Detected virtualization oracle.
[   14.476960] systemd[1]: Detected architecture x86-64.

Welcome to [1mUbuntu 16.04.6 LTS[0m!

[   14.583606] systemd[1]: Set hostname to <ubuntu>.
[  4.602444] systemd[1]: Initializing machine ID from random generator.
[   14.664481] systemd[1]: Installed transient /etc/machine-id file.

[   14.723425] random: nonblocking pool is initialized
[   15.665057] systemd[1]: Listening on udev Control Socket.
[[0;32m  OK  [0m] Listening on udev Control Socket.
[   15.782429] systemd[1]: Started Trigger resolvconf update for networkd DNS.
[[0;32m  OK  [0m] Started Trigger resolvconf update for networkd DNS.
[   15.797604] systemd[1]: Listening on LVM2 metadata daemon socket.
[[0;32m  OK  [0m] Listening on LVM2 metadata daemon socket.
[   15.801342] systemd[1]: Reached target System Time Synchronized.
[[0;32m  OK  [0m] Reached target System Time Synchronized.
[   15.805389] systemd[1]: Started Forward Password Requests to Wall Directory Watch.
[[0;32m  OK  [0m] Started Forward Password Requests to Wall Directory Watch.
[   15.829082] systemd[1]: Listening on udev Kernel Socket.
[[0;32m  OK  [0m] Listening on udev Kernel Socket.
[   15.949986] systemd[1]: Set up automount Arbitrary Executable File Formats File System Automount Point.
[[0;32m  OK  [0m] Set up automount Arbitrary Executab...ats File System Automount Point.
[   15.955408] systemd[1]: Reached target User and Group Name Lookups.
[[0;32m  OK  [0m] Reached target User and Group Name Lookups.
[   15.959323] systemd[1]: Reached target Encrypted Volumes.
[[0;32m  OK  [0m] Reached target Encrypted Volumes.
[   16.057003] systemd[1]: Listening on Journal Socket.
[[0;32m  OK  [0m] Listening on Journal Socket.
[   16.060384] systemd[1]: Reached target Swap.
[[0;32m  OK  [0m] Reached target Swap.
[   16.064856] systemd[1]: Created slice System Sli.
[[0;32m  OK  [0m] Created slice System Slice.

[   16.150236] systemd[1]: Starting Remount Root and Kernel File Systems...
         Starting Remount Root and Kernel File Systems...
[   16.161716] systemd[1]: Starting Uncomplicated firewall...
         Starting Uncomplicated firewall...
[   16.204010] EXT4-fs (sda1): re-mounted. Opts: (null)
[   16.225659] systemd[1]: Mounting Huge Pages File System...
         Mounting Huge Pages File System...
[   16.236051] systemd[1]: Created slice system-serial\x2dgetty.slice.
[[0;32m  OK  [0m] Created slice system-serial\x2dgetty.slice.
[   16.259506] systemd[1]: Starting Set console keymap...
         Starting Set console keymap...
[   16.306861] systemd[1]: Starting Load Kernel Modules...
         Starting Load Kernel Modules...
[   16.325125] systemd[1]: Starting Create list of required static device nodes for the current kernel...
         Starting Create list of required st... nodes for the current kernel...
[   16.377615] systemd[1]: Mounting POSIX Message Queue File System...
         Mounting POSIX Message Queue File System...
[   16.406671] systemd[1]: Listening on Device-mapper event daemon FIFOs.
[[0;32m  OK  [0m] Listening on Device-mapper event daemon FIFOs.
[   16.444535] Loading iSCSI transport class v2.0-870.
[   16.476097] systemd[1]: Starting Monitoring of LVM2 mirrors, snapshots etc. using dmeventd or progress polling...
         Starting Monitoring of LVM2 mirrors... dmeventd or progress polling...
[   16.500518] systemd[1]: Listening on LVM2 poll daemon socket.
[[0;32m  OK  [0m] Listening on LVM2 poll daemon socket.
[   16.557645] iscsi: registered transport (tcp)
[   16.563275] systemd[1]: Listening on /dev/initctl Compatibility Named Pipe.
[[0;32m  OK  [0m] Listening on /dev/initctl Compatibility Named Pipe.
[   16.606173] systemd[1]: Starting Nameserver information manager...
         Starting Nameserver information manager...
[   16.618317] systemd[1]: Listening on Syslog Socket.
[[0;32m  OK  [0m] Listening on Syslog Socket.
[   16.645144] systemd[1]: Listening on Journal Socket (/dev/log).
[[0;32m  OK  [0m] Listening on Journal Socket (/dev/log).
[   16.698038] systemd[1]: Mounting Debug File System...
         Mounting Debug File System...
[   16.736895] systemd[1]: Created slice User and Session Slice.
[[0;32m  OK  [0m] Created slice User and Session Slice.
[   16.762961] systemd[1]: Reached target Slices.
[[0;32m  OK  [0m] Reached target Slices.
[   16.774243] systemd[1]: Listening on Journal Audit Socket.
[   16.785841] iscsi: registered transport (iser)
[[0;32m  OK  [0m] Listening on Journal Audit Socket.
[   16.818452] systemd[1]: Starting Journal Service...
         Starting Journal Service...
[   16.837056] systemd[1]: Mounted Debug File System.
[[0;32m  OK  [0m] Mounted Debug File System.
[   16.842773] systemd[1]: Mounted POSIX Message Queue File System.
[[0;32m  OK  [0m] Mounted POSIX Message Queue File System.
[   16.849405] systemd[1]: Mounted Huge Pages File System.
[[0;32m  OK  [0m] Mounted Huge Pages File System.
[   16.862162] systemd[1]: Started Remount Root and Kernel File Systems.
[[0;32m  OK  [0m] Started Remount Root and Kernel File Systems.
[   16.869693] systemd[1]: Started Uncomplicated firewall.
[[0;32m  OK  [0m] Started Uncomplicated firewall.
[   16.877468] systemd[1]: Started Set console keymap.
[[0;32m  OK  [0m] Started Set console keymap.
[   16.889831] systemd[1]: Started Load Kernel Modules.
[[0;32m  OK  [0m] Started Load Kernel Modules.
[   16.897848] systemd[1]: Started Create list of required static device nodes for the current kernel.
[[0;32m  OK  [0m] Started Create list of required sta...ce nodes for the current kernel.
[   16.990881] systemd[1]: Started Nameserver information manager.
[[0;32m  OK  [0m] Started Nameserver information manager.
[   17.020416] systemd[1]: Started Journal Service.
[[0;32m  OK  [0m] Started Journal Service.
[[0;32m  OK  [0m] Started LVM2 metadata daemon.
         Starting Create Static Device Nodes in /dev...
         Mounting FUSE Control File System...
         Starting Apply Kernel Variables...
         Starting udev Coldplug all Devices...
         Starting Flush Journal to Persistent Storage...
         Starting Load/Save Random Seed...
[[0;32m  OK  [0m] Mounted FUSE Control File System.
[[0;32m  OK  [0m] Started Apply Kernel Variables.
[[0;32m  OK  [0m] Started Load/Save Random Seed.
[[0;32m  OK  [0m] Started Create Static Device Nodes in /dev.
         Starting udev Kernel Device Manager...
[[0;32m  OK  [0m] Started Flush Journal to Persistent Storage.
[[0;32m  OK  [0m] Started Monitoring of LVM2 mirrors,...ng dmeventd or progress polling.
[[0;32m  OK  [0m] Reached target Local File Systems (Pre).
[[0;32m  OK  [0m] Reached target Local File Systems.
         Starting Initial cloud-init job (pre-networking)...
         Starting Tell Plymouth To Write Out Runtime Data...
         Starting Set console font and keymap...
         Starting LSB: AppArmor initialization...
         Starting Create Volatile Files and Directories...
         Starting Commit a transient machine-id on disk...
[[0;32m  OK  [0m] Started udev Kernel Device Manager.
[[0;32m  OK  [0m] Started Tell Plymouth To Write Out Runtime Data.
[[0;32m  OK  [0m] Started Commit a transient machine-id on disk.
[[0;32m  OK  [0m] Started udev Coldplug all Devices.
[[0;32m  OK  [0m] Started Dispatch Password Requests to Console Directory Watch.
[[0;32m  OK  [0m] Started Create Volatile Files and Directories.
         Starting Update UTMP about System Boot/Shutdown...
[[0;32m  OK  [0m] Started Update UTMP about System Boot/Shutdown.
[[0;32m  OK  [0m] Found device /dev/ttyS0.
[[0;32m  OK  [0m] Listening on Load/Save RF Kill Switch Status /dev/rfkill Watch.
[[0;32m  OK  [0m] Started LSB: AppArmor initialization.
[   21.888824] cloud-init[456]: Cloud-init v. 19.1-1-gbaa47854-0ubuntu1~16.04.1 running 'init-local' at Fri, 23 Aug 2019 17:11:46 +0000. Up 20.28 seconds.
[[0;32m  OK  [0m] Started Initial cloud-init job (pre-networking).
[[0;32m  OK  [0m] Reached target Network (Pre).
         Starting Raise network interfaces...
[[0;32m  OK  [0m] Started Set console font and keymap.
[[0;32m  OK  [0m] Created slice system-getty.slice.
[[0;32m  OK  [0m] Started Raise network interfaces.
[[0;32m  OK  [0m] Reached target Network.
         Starting Initial cloud-init job (metadata service crawler)...
[   28.026533] cloud-init[954]: Cloud-init v. 19.1-1-gbaa47854-0ubuntu1~16.04.1 running 'init' at Fri, 23 Aug 2019 17:11:51 +0000. Up 25.17 seconds.
[   28.032219] cloud-init[954]: ci-info: ++++++++++++++++++++++++++++++++++++++Net device info++++++++++++++++++++++++++++++++++++++
[   28.035555] cloud-init[954]: ci-info: +--------+------+----------------------------+---------------+--------+-------------------+
[   28.046786] cloud-init[954]: ci-info: | Device |  Up  |          Address           |      Mask     | Scope  |     Hw-Address    |
[   28.065782] cloud-init[954]: ci-info: +--------+------+----------------------------+---------------+--------+-------------------+
[   28.088876] cloud-init[954]: ci-info: | enp0s3 | True |         10.0.2.15          | 255.255.255.0 | global | 02:46:62:72:a1:53 |
[   28.094203] cloud-init[954]: ci-info: | enp0s3 | True | fe80::46:62ff:fe72:a153/64 |       .       |  link  | 02:46:62:72:a1:53 |
[   28.099519] cloud-init[954]: ci-info: |   lo   | True |         127.0.0.1          |   255.0.0.0   |  host  |         .         |
[   28.104952] cloud-init[954]: ci-info: |   lo   | True |          ::1/128           |       .       |  host  |         .         |
[   28.110417] cloud-init[954]: ci-info: +--------+------+----------------------------+---------------+--------+-------------------+
[   28.115673] cloud-init[954]: ci-info: +++++++++++++++++++++++++++Route IPv4 info++++++++++++++++++++++++++++
[   28.120470] cloud-init[954]: ci-info: +-------+-------------+----------+---------------+-----------+-------+
[   28.125314] cloud-init[954]: ci-info: | Route | Destination | Gateway  |    Genmask    | Interface | Flags |
[   28.130138] cloud-init[954]: ci-info: +-------+-------------+----------+---------------+-----------+-------+
[   28.134986] cloud-init[954]: ci-info: |   0   |   0.0.0.0   | 10.0.2.2 |    0.0.0.0    |   enp0s3  |   UG  |
[   28.139840] cloud-init[954]: ci-info: |   1   |   10.0.2.0  | 0.0.0.0  | 255.255.255.0 |   enp0s3  |   U   |
[   28.144707] cloud-init[954]: ci-info: +-------+-------------+----------+---------------+-----------+-------+
[   28.149369] cloud-init[954]: ci-info: +++++++++++++++++++Route IPv6 info+++++++++++++++++++
[   28.153619] cloud-init[954]: ci-info: +-------+-------------+---------+-----------+-------+
[   28.157940] cloud-init[954]: ci-info: | Route | Destination | Gateway | Interface | Flags |
[   28.162229] cloud-init[954]: ci-info: +-------+-------------+---------+-----------+-------+
[   28.166570] cloud-init[954]: ci-info: |   0   |  fe80::/64  |    ::   |   enp0s3  |   U   |
[   28.170877] cloud-init[954]: ci-info: |   4   |   ff00::/8  |    ::   |   enp0s3  |   U   |
[   28.175328] cloud-init[954]: ci-info: +-------+-------------+---------+-----------+-------+
[   28.179777] cloud-init[954]: Generating public/private rsa key pair.
[   28.183530] cloud-init[954]: Your identification has been saved in /etc/ssh/ssh_host_rsa_key.
[   28.187893] cloud-init[954]: Your public key has been saved in /etc/ssh/ssh_host_rsa_key.pub.
[   28.192274] cloud-init[954]: The key fingerprint is:
[   28.195785] cloud-init[954]: SHA256:HUTgyt/vGtKBquBV1sqHp+5cZMMkNJZAwWYn/H+bqhk root@ubuntu-xenial
[   28.200361] cloud-init[954]: The key's randomart image is:
[   28.203756] cloud-init[954]: +---[RSA 2048]----+
[   28.207242] cloud-init[954]: |   ++o+..oo      |
[   28.210833] cloud-init[954]: |    *ooo .       |[[0;32m  OK  [0m] Started Initial cloud-init job (metadata service crawler).
[[0;32m  OK  [0m] Reached target Network is Online.

[   28.222979] cloud-init[954]: |   o +. o .      |
[   28.229085] cloud-init[954]: |     ..* o .     |
[   28.236166] cloud-init[954]: |      =.S o      |
[   28.246651] cloud-init[954]: |     + B.+..     |
         Starting iSCSI initiator daemon (iscsid)...
[[0;32m  OK  [0m] Reached target System Initialization.
[[0;32m  OK  [0m] Started Daily Cleanup of Temporary Directories.
[   28.247361] cloud-init[954]: |  . . E *.+o     |
[[   28.276656] cloud-init[954]: | . o o B .oo     |
[0;32m  OK  [0m] Listening on UUID daemon activation socket.
[   28.277209] cloud-init[954]: |  . .oB....oo    |
[   28.285631] cloud-init[954]: +----[SHA256]-----+
[   28.292535] cloud-init[954]: Generating public/private dsa key pair.
[[0;32m  OK  [0m] Started ACPI Events Check.
[   28.293359] cloud-init[954]: Your identification has been saved in /etc/ssh/ssh_host_dsa_key.
[[0;32m  OK  [0m] Reached target Paths.
[[0;32m  OK  [0m] Started Daily apt download activities.
[[0;32m  OK  [0m] Started Daily apt upgrade and clean activities.
[[0;32m  OK  [0m] Listening on ACPID Listen Socket.
[   28.296738] cloud-init[954]: Your public key has been saved in /etc/ssh/ssh_host_dsa_key.pub.
[   28.347831] cloud-init[954]: The key fingerprint is:
         Starting Socket activation for snappy daemon.
[   28.348451] cloud-init[954]: SHA256:LRY3ICgc21uZD3LvQuGTETlNkTL8KryRglU4kzFk5SE root@ubuntu-xenial
[   28.359692] [[0;32m  OK  [0m] Listening on D-Bus System Message Bus Socket.
cloud-init[954]: The key's randomart image is:
[   28.363285] cloud-init[954]: +---[DSA 1024]----+
[   28.365882] cloud-init[954]: | oE*ooo++o       |
         Starting LXD - unix socket.
[   28.377212] cloud-init[954]: | .B*o.*=o.       |
[   28.393425] [cloud-init[0;32m  OK  [0m[954]: ] |  .=+ O=. o      |Reached target Timers.

[   28.394071] [cloud-init[0;32m  OK  [0m[954]: ] |  .  * B.+ .     |Reached target Cloud-config availability.

[   28.399483] cloud-init[954]: | o ...=.S .      |
[   28.421549] cloud-init[954]: |. . =..+ .       |
[   28.426678] cloud-init[954]: |   . +. .        |
[   28.428825] cloud-init[954]: |    .  .         |
[   28.436537] cloud-init[954]: |                 |
[   28.442985] [cloud-init[0;32m  OK  [0m[954]: ] +----[SHA256]-----+Listening on Socket activation for snappy daemon.

[   28.443582] [cloud-init[954]: Generating public/private ecdsa key pair.
[0;32m  OK  [0m] Listening on LXD - unix socket.
[   28.457421] cloud-init[954]: Your identification has been saved in /etc/ssh/ssh_host_ecdsa_key.
[[0;32m  OK  [0m] Started iSCSI initiator daemon (iscsid).
[   28.483501] cloud-init[954]: Your public key has been saved in /etc/ssh/ssh_host_ecdsa_key.pub.
[   28.497709] cloud-init[954]: The key fingerprint is:
[   28.502764] cloud-init[954]: SHA256:3tJaBzCCGPonDA7Ou+PUX1vIe0WIQ8FHocg/DdUboBc root@ubuntu-xenial
[   28.560538] cloud-init[954]: The key's randomart image is:
         Starting Login to default iSCSI targets...
[[0;32m  OK  [0m] Reached target Sockets.
[[0;32m  OK  [0m] Reached target Basic System.
[   28.606295] cloud-init[954]: +---[ECDSA 256]---+
[   28.630319] cloud-init[954]: |  .   ..oE+      |
[   28.639294] cloud-init[954]: | . o...o+..o     |
[   28.644287] cloud-init[954]: |+ . .oo+=.. o    |
[   28.656716] cloud-init[954]: |=+    .+++ o     |
[[0;32m  OK  [0m] Started Regular background program processing daemon.
[   28.673195] cloud-init[954]: | ++ .  oS.o      |
[   28.687132] cloud-init[954]: |  oo  ..oo o     |
[   28.691239] cloud-init[954]: | o .   +o.= .    |
[   28.717867]          cloud-initStarting LSB: Record successful boot for GRUB...[954]: 
|... . . += .     |
[   28.742499] cloud-init[954]: |.o.  . oo        |
[   28.745545] cloud-init[954]: +----[SHA256]-----+
[   28.750601] cloud-init[954]: Generating public/private ed25519 key pair.
[   28.783099]          Starting LSB: MD monitoring daemon...
cloud-init[954]: Your identification has been saved in /etc/ssh/ssh_host_ed25519_key.
[[0;32m  OK  [0m] Started ACPI event daemon.
[   28.829741] cloud-init[954]: Your public key has been saved in /etc/ssh/ssh_host_ed25519_key.pub.
[   28.864894] cloud-init[954]: The key fingerprint is:
[   28.880665] cloud-init[954]: SHA256:MWJ+nAdmhVcmifBFeeNOyTnjdtK9RL7Uuy+T48e6yGg root@ubuntu-xenial
         Starting LXD - container startup/shutdown...
[   28.899860] cloud-init[954]: The key's randomart image is:
[   28.913034] cloud-init[954]: +--[ED25519 256]--+
[[0;32m  OK  [0m] Started D-Bus System Message Bus.
[   28.926425] cloud-init[954]: |      .. +=+o    |
[   28.943877] cloud-init[954]: |       .oo+oo    |
[   28.952543] cloud-init[954]: |      o B. + +   |
[   28.957818] cloud-init[954]: |     o = =  O  . |
[   28.960034] cloud-init[954]: |      . S .+ +o..|
[   28.962032] cloud-init[954]: |       . .  = o+o|
[   28.964050] cloud-init[954]: |           . ooo+|
[   28.970213] cloud-init[954]: |          Eo .=+o|
[   28.973492] cloud-init[954]: |         .. o.+O+|
[   28.976389] cloud-init[954]: +----[SHA256]-----+
[[0;32m  OK  [0m] Started FUSE filesystem for LXC.
         Starting Login Service...
         Starting Pollinate to seed the pseudo random number generator...
         Starting Virtualbox guest utils...
         Starting System Logging Service...
         Starting /etc/rc.local Compatibility...
[[0;32m  OK  [0m] Started Deferred execution scheduler.
         Starting Accounts Service...
         Starting Snappy daemon...
[[0;32m  OK  [0m] Started /etc/rc.local Compatibility.
[[0;32m  OK  [0m] Started System Logging Service.
[[0;32m  OK  [0m] Started Login to default iSCSI targets.
[[0;32m  OK  [0m] Started Login Service.
[[0;32m  OK  [0m] Started Unattended Upgrades Shutdown.
[[0;32m  OK  [0m] Reached target Remote File Systems (Pre).
[[0;32m  OK  [0m] Reached target Remote File Systems.
         Starting LSB: daemon to balance interrupts for SMP systems...
         Starting LSB: automatic crash report generation...
         Starting Permit User Sessions...
         Starting LSB: Set the CPU Frequency Scaling governor to "ondemand"...
[[0;32m  OK  [0m] Started LSB: Record successful boot for GRUB.
[[0;32m  OK  [0m] Started Permit User Sessions.
[[0;32m  OK  [0m] Started LXD - container startup/shutdown.
         Starting Authenticate and Authorize Users to Run Privileged Tasks...
         Starting Hold until boot process finishes up...
         Starting Terminate Plymouth Boot Screen...
[[0;32m  OK  [0m] Started LSB: MD monitoring daemon.
[[0;32m  OK  [0m] Started Hold until boot process finishes up.
[[0;32m  OK  [0m] Started Terminate Plymouth Boot Screen.
[[0;32m  OK  [0m] Started Authenticate and Authorize Users to Run Privileged Tasks.
[[0;32m  OK  [0m] Started Getty on tty1.
[[0;32m  OK  [0m] Started Serial Getty on ttyS0.
[[0;32m  OK  [0m] Reached target Login Prompts.
         Starting Set console scheme...
[[0;32m  OK  [0m] Started Accounts Service.
[[0;32m  OK  [0m] Started Set console scheme.
[[0;32m  OK  [0m] Started LSB: Set the CPU Frequency Scaling governor to "ondemand".
[[0;32m  OK  [0m] Started Virtualbox guest utils.
[[0;32m  OK  [0m] Started LSB: daemon to balance interrupts for SMP systems.
[[0;32m  OK  [0m] Started LSB: automatic crash report generation.
[[0;32m  OK  [0m] Started Snappy daemon.
         Starting Wait until snapd is fully seeded...
[[0;32m  OK  [0m] Started Pollinate to seed the pseudo random number generator.
         Starting OpenBSD Secure Shell server...
[[0;32m  OK  [0m] Started OpenBSD Secure Shell server.
[[0;32m  OK  [0m] Created slice User Slice of vagrant.
         Starting User Manager for UID 1000...
[[0;32m  OK  [0m] Started Session 1 of user vagrant.
[[0;32m  OK  [0m] Started User Manager for UID 1000.

Ubuntu 16.04.6 LTS ubuntu-xenial ttyS0

ubuntu-xenial login: [   42.440752] cloud-init[1419]: Generating locales (this might take a while)...
[   45.805986] cloud-init[1419]:   en_US.UTF-8... done
[   45.814643] cloud-init[1419]: Generation complete.
[   47.443971] cloud-init[1419]: Cloud-init v. 19.1-1-gbaa47854-0ubuntu1~16.04.1 running 'modules:config' at Fri, 23 Aug 2019 17:12:08 +0000. Up 41.87 seconds.
ci-info: no authorized ssh keys fingerprints found for user ubuntu.
<14>Aug 23 17:12:15 ec2: 
<14>Aug 23 17:12:15 ec2: #############################################################
<14>Aug 23 17:12:15 ec2: -----BEGIN SSH HOST KEY FINGERPRINTS-----
<14>Aug 23 17:12:15 ec2: 1024 SHA256:LRY3ICgc21uZD3LvQuGTETlNkTL8KryRglU4kzFk5SE root@ubuntu-xenial (DSA)
<14>Aug 23 17:12:15 ec2: 256 SHA256:3tJaBzCCGPonDA7Ou+PUX1vIe0WIQ8FHocg/DdUboBc root@ubuntu-xenial (ECDSA)
<14>Aug 23 17:12:15 ec2: 256 SHA256:MWJ+nAdmhVcmifBFeeNOyTnjdtK9RL7Uuy+T48e6yGg root@ubuntu-xenial (ED25519)
<14>Aug 23 17:12:15 ec2: 2048 SHA256:HUTgyt/vGtKBquBV1sqHp+5cZMMkNJZAwWYn/H+bqhk root@ubuntu-xenial (RSA)
<14>Aug 23 17:12:15 ec2: -----END SSH HOST KEY FINGERPRINTS-----
<14>Aug 23 17:12:15 ec2: #############################################################
-----BEGIN SSH HOST KEY KEYS-----
ecdsa-sha2-nistp256 AAAAE2VjZHNhLXNoYTItbmlzdHAyNTYAAAAIbmlzdHAyNTYAAABBBLBJDuIANrUlZRKT/+Lx2T3d3TwBASPJx0W7lmSkveG6ntfbPjmJvXpfkMZvfFUxHkcpum4iY0om0OYFznwdm14= root@ubuntu-xenial
ssh-ed25519 AAAAC3NzaC1lZDI1NTE5AAAAIFxTWoO9jQ8eOMllDIPnEFRzLonPc/BRzfu+VTGlDuAH root@ubuntu-xenial
ssh-rsa AAAAB3NzaC1yc2EAAAADAQABAAABAQCxfXuAeR6IMoSha1977D5dxKUebO+uX+3v0KYsRHOqL1hay50NgYKf+OQk3ceuz0EpIb81dlN+zqq6G9yUB+Rp2asd3qLsBHs8LWfkEOf/zXNMyGLtSFO0ZvmuG5VoDpiGzhWTKqk+nxXSoHJO4BcJo8i8yBAsDPY1zcpMnLLG3BhyBAvF32Kooj0WsrdMzRl6wO19FPsqkq78Xdt3bfdMgVmxkV8T6Mu6FjhO9ZmrfEP+53qFVCGSGgEMxTYHMS8lxDhu8/qAD182LrDaJt83QR6OeeCWCSXQp8gLpo9WkbDD5Ns5dkdwVQRYjtWdT2dPhoKcnwSfO5EbSXdJKIPL root@ubuntu-xenial
-----END SSH HOST KEY KEYS-----
[   49.846471] cloud-init[1595]: Cloud-init v. 19.1-1-gbaa47854-0ubuntu1~16.04.1 running 'modules:final' at Fri, 23 Aug 2019 17:12:14 +0000. Up 48.83 seconds.
[   49.847195] cloud-init[1595]: ci-info: no authorized ssh keys fingerprints found for user ubuntu.
[   49.847783] cloud-init[1595]: Cloud-init v. 19.1-1-gbaa47854-0ubuntu1~16.04.1 finished at Fri, 23 Aug 2019 17:12:15 +0000. Datasource DataSourceNoCloud [seed=/dev/sdb][dsmode=net].  Up 49.80 seconds
