[    0.000000] Initializing cgroup subsys cpuset
[    0.000000] Initializing cgroup subsys cpu
[    0.000000] Initializing cgroup subsys cpuacct
[    0.000000] Linux version 4.4.0-157-generic (buildd@lgw01-amd64-037) (gcc version 5.4.0 20160609 (Ubuntu 5.4.0-6ubuntu1~16.04.10) ) #185-Ubuntu SMP Tue Jul 23 09:17:01 UTC 2019 (Ubuntu 4.4.0-157.185-generic 4.4.181)
[    0.000000] Command line: BOOT_IMAGE=/boot/vmlinuz-4.4.0-157-generic root=LABEL=cloudimg-rootfs ro console=tty1 console=ttyS0
[    0.000000] KERNEL supported cpus:
[    0.000000]   Intel GenuineIntel
[    0.000000]   AMD AuthenticAMD
[    0.000000]   Centaur CentaurHauls
[    0.000000] x86/fpu: Legacy x87 FPU detected.
[    0.000000] e820: BIOS-provided physical RAM map:
[    0.000000] BIOS-e820: [mem 0x0000000000000000-0x000000000009fbff] usable
[    0.000000] BIOS-e820: [mem 0x000000000009fc00-0x000000000009ffff] reserved
[    0.000000] BIOS-e820: [mem 0x00000000000f0000-0x00000000000fffff] reserved
[    0.000000] BIOS-e820: [mem 0x0000000000100000-0x000000002cfeffff] usable
[    0.000000] BIOS-e820: [mem 0x000000002cff0000-0x000000002cffffff] ACPI data
[    0.000000] BIOS-e820: [mem 0x00000000fec00000-0x00000000fec00fff] reserved
[    0.000000] BIOS-e820: [mem 0x00000000fee00000-0x00000000fee00fff] reserved
[    0.000000] BIOS-e820: [mem 0x00000000fffc0000-0x00000000ffffffff] reserved
[    0.000000] NX (Execute Disable) protection: active
[    0.000000] SMBIOS 2.5 present.
[    0.000000] Hypervisor detected: KVM
[    0.000000] e820: last_pfn = 0x2cff0 max_arch_pfn = 0x400000000
[    0.000000] MTRR: Disabled
[    0.000000] x86/PAT: MTRRs disabled, skipping PAT initialization too.
[    0.000000] CPU MTRRs all blank - virtualized system.
[    0.000000] x86/PAT: Configuration [0-7]: WB  WT  UC- UC  WB  WT  UC- UC  
[    0.000000] found SMP MP-table at [mem 0x0009fff0-0x0009ffff] mapped at [ffff88000009fff0]
[    0.000000] Scanning 1 areas for low memory corruption
[    0.000000] RAMDISK: [mem 0x2b895000-0x2c70ffff]
[    0.000000] ACPI: Early table checksum verification disabled
[    0.000000] ACPI: RSDP 0x00000000000E0000 000024 (v02 VBOX  )
[    0.000000] ACPI: XSDT 0x000000002CFF0030 00003C (v01 VBOX   VBOXXSDT 00000001 ASL  00000061)
[    0.000000] ACPI: FACP 0x000000002CFF00F0 0000F4 (v04 VBOX   VBOXFACP 00000001 ASL  00000061)
[    0.000000] ACPI: DSDT 0x000000002CFF0470 0021FF (v02 VBOX   VBOXBIOS 00000002 INTL 20180105)
[    0.000000] ACPI: FACS 0x000000002CFF0200 000040
[    0.000000] ACPI: FACS 0x000000002CFF0200 000040
[    0.000000] ACPI: APIC 0x000000002CFF0240 000054 (v02 VBOX   VBOXAPIC 00000001 ASL  00000061)
[    0.000000] ACPI: SSDT 0x000000002CFF02A0 0001CC (v01 VBOX   VBOXCPUT 00000002 INTL 20180105)
[    0.000000] No NUMA configuration found
[    0.000000] Faking a node at [mem 0x0000000000000000-0x000000002cfeffff]
[    0.000000] NODE_DATA(0) allocated [mem 0x2cfeb000-0x2cfeffff]
[    0.000000] kvm-clock: Using msrs 4b564d01 and 4b564d00
[    0.000000] kvm-clock: cpu 0, msr 0:2cfe3001, primary cpu clock
[    0.000000] kvm-clock: using sched offset of 7339689837 cycles
[    0.000000] clocksource: kvm-clock: mask: 0xffffffffffffffff max_cycles: 0x1cd42e4dffb, max_idle_ns: 881590591483 ns
[    0.000000] Zone ranges:
[    0.000000]   DMA      [mem 0x0000000000001000-0x0000000000ffffff]
[    0.000000]   DMA32    [mem 0x0000000001000000-0x000000002cfeffff]
[    0.000000]   Normal   empty
[    0.000000]   Device   empty
[    0.000000] Movable zone start for each node
[    0.000000] Early memory node ranges
[    0.000000]   node   0: [mem 0x0000000000001000-0x000000000009efff]
[    0.000000]   node   0: [mem 0x0000000000100000-0x000000002cfeffff]
[    0.000000] Initmem setup node 0 [mem 0x0000000000001000-0x000000002cfeffff]
[    0.000000] ACPI: PM-Timer IO Port: 0x4008
[    0.000000] IOAPIC[0]: apic_id 1, version 32, address 0xfec00000, GSI 0-23
[    0.000000] ACPI: INT_SRC_OVR (bus 0 bus_irq 0 global_irq 2 dfl dfl)
[    0.000000] ACPI: INT_SRC_OVR (bus 0 bus_irq 9 global_irq 9 low level)
[    0.000000] Using ACPI (MADT) for SMP configuration information
[    0.000000] smpboot: Allowing 1 CPUs, 0 hotplug CPUs
[    0.000000] PM: Registered nosave memory: [mem 0x00000000-0x00000fff]
[    0.000000] PM: Registered nosave memory: [mem 0x0009f000-0x0009ffff]
[    0.000000] PM: Registered nosave memory: [mem 0x000a0000-0x000effff]
[    0.000000] PM: Registered nosave memory: [mem 0x000f0000-0x000fffff]
[    0.000000] e820: [mem 0x2d000000-0xfebfffff] available for PCI devices
[    0.000000] Booting paravirtualized kernel on KVM
[    0.000000] clocksource: refined-jiffies: mask: 0xffffffff max_cycles: 0xffffffff, max_idle_ns: 7645519600211568 ns
[    0.000000] setup_percpu: NR_CPUS:512 nr_cpumask_bits:512 nr_cpu_ids:1 nr_node_ids:1
[    0.000000] PERCPU: Embedded 34 pages/cpu @ffff88002cc00000 s99544 r8192 d31528 u2097152
[    0.000000] Built 1 zonelists in Node order, mobility grouping on.  Total pages: 181304
[    0.000000] Policy zone: DMA32
[    0.000000] Kernel command line: BOOT_IMAGE=/boot/vmlinuz-4.4.0-157-generic root=LABEL=cloudimg-rootfs ro console=tty1 console=ttyS0
[    0.000000] PID hash table entries: 4096 (order: 3, 32768 bytes)
[    0.000000] Memory: 690668K/736824K available (8618K kernel code, 1335K rwdata, 4032K rodata, 1484K init, 1284K bss, 46156K reserved, 0K cma-reserved)
[    0.000000] SLUB: HWalign=64, Order=0-3, MinObjects=0, CPUs=1, Nodes=1
[    0.000000] Kernel/User page tables isolation: enabled
[    0.000000] Hierarchical RCU implementation.
[    0.000000] 	Build-time adjustment of leaf fanout to 64.
[    0.000000] 	RCU restricting CPUs from NR_CPUS=512 to nr_cpu_dds=1.
[    0.000000] RCU: Adjusting geometry for rcu_fanout_leaf=64, nr_cpu_ids=1
[    0.000000] NR_IRQS:33024 nr_irqs:256 16
[    0.000000] Console: colour VGA+ 80x25
[    0.000000] console [tty1] enabled
[    0.000000] console [ttyS0] enabled
[    0.000000] tsc: Detected 2992.480 MHz processor
[    0.654028] Calibrating delay loop (skipped) preset value.. 5984.96 BogoMIPS (lpj=11969920)
[    0.657050] pid_max: default: 32768 minimum: 301
[    0.658621] ACPI: Core revision 20150930
[    0.661324] ACPI: 2 ACPI AML tables successfully acquired and loaded
[    0.663569] Security Framework initialized
[    0.665075] Yama: becoming mindful.
[    0.666473] AppArmor: AppArmor initialized
[    0.668080] Dentry cache hash table entries: 131072 (order: 8, 1048576 bytes)
[    0.670673] Inode-cache hash table entries: 65536 (order: 7, 524288 bytes)
[    0.723793] Mount-cache hash table entries: 2048 (order: 2, 16384 bytes)
[    0.725859] Mountpoint-cache hash table entries: 2048 (order: 2, 16384 bytes)
[    0.738425] Initializing cgroup subsys io
[    0.739863] Initializing cgroup subsys memory
[    0.741413] Initializing cgroup subsys devices
[    0.742946] Initializing cgroup subsys freezer
[    0.744496] Initializing cgroup subsys net_cls
[    0.746041] Initializing cgroup subsys perf_event
[    0.747676] Initializing cgroup subsys net_prio
[    0.749236] Initializing cgroup subsys hugetlb
[    0.750783] Initializing cgroup subsys pids
[    0.752363] mce: CPU supports 0 MCE banks
[    0.753848] process: using mwait in idle threads
[    0.755460] Last level iTLB entries: 4KB 128, 2MB 4, 4MB 4
[    0.757229] Last level dTLB entries: 4KB 256, 2MB 0, 4MB 32, 1GB 0
[    0.759183] Spectre V2 : Mitigation: Full generic retpoline
[    0.760966] Spectre V2 : Spectre v2 / SpectreRSB mitigation: Filling RSB on context switch
[    0.763849] Speculative Store Bypass: Vulnerable
[    0.766200] MDS: Vulnerable: Clear CPU buffers attempted, no microcode
[    1.395484] Freeing SMP alternatives memory: 36K
[    1.461616] ftrace: allocating 32312 entries in 127 pages
[    1.582611] smpboot: APIC(0) Converting physical 0 to logical package 0
[    1.664505] smpboot: Max logical packages: 1
[    1.666602] x2apic enabled
[    1.668273] Switched APIC routing to physical x2apic.
[    1.672295] ..TIMER: vector=0x30 apic1=0 pin1=2 apic2=-1 pin2=-1
[    1.688443] APIC calibration not consistent with PM-Timer: 200ms instead of 100ms
[    1.698927] APIC delta adjusted to PM-Timer: 6249911 (12500538)
[    1.700860] smpboot: CPU0: Intel(R) Core(TM)2 Duo CPU     E8400  @ 3.00GHz (family: 0x6, model: 0x17, stepping: 0xa)
[    1.704514] Performance Events: unsupported p6 CPU model 23 no PMU driver, software events only.
[    1.899321] KVM setup paravirtual spinlock
[    1.902250] x86: Booted up 1 node, 1 CPUs
[    1.903694] smpboot: Total of 1 processors activated (5984.96 BogoMIPS)
[    1.906202] devtmpfs: initialized
[    1.909856] evm: security.selinux
[    1.911151] evm: security.SMACK64
[    1.912420] evm: security.SMACK64EXEC
[    1.913792] evm: security.SMACK64TRANSMUTE
[    1.915231] evm: security.SMACK64MMAP
[    1.916593] evm: security.ima
[    1.978589] evm: security.capability
[    1.980066] clocksource: jiffies: mask: 0xffffffff max_cycles: 0xffffffff, max_idle_ns: 7645041785100000 ns
[    1.983326] futex hash table entries: 256 (order: 2, 16384 bytes)
[    1.985363] pinctrl core: initialized pinctrl subsystem
[    1.987262] RTC time: 16:58:22, date: 08/23/19
[    1.989077] NET: Registered protocol family 16
[    1.990884] cpuidle: using governor ladder
[    1.992337] cpuidle: using governor menu
[    1.993768] PCCT header not found.
[    1.995103] ACPI: bus type PCI registered
[    1.996547] acpiphp: ACPI Hot Plug PCI Controller Driver version: 0.5
[    2.008670] PCI: Using configuration type 1 for base access
[    2.012034] ACPI: Added _OSI(Module Device)
[    2.013535] ACPI: Added _OSI(Processor Device)
[    2.015058] ACPI: Added _OSI(3.0 _SCP Extensions)
[    2.016660] ACPI: Added _OSI(Processor Aggregator Device)
[    2.079898] ACPI: Executed 1 blocks of module-level executable AML code
[    2.084446] ACPI: Interpreter enabled
[    2.085816] ACPI: (supports S0 S5)
[    2.087118] ACPI: Using IOAPIC for interrupt routing
[    2.088948] PCI: Using host bridge windows from ACPI; if necessary, use "pci=nocrs" and report a bug
[    2.096471] ACPI: PCI Root Bridge [PCI0] (domain 0000 [bus 00-ff])
[    2.098402] acpi PNP0A03:00: _OSC: OS supports [ASPM ClockPM Segments MSI]
[    2.100511] acpi PNP0A03:00: _OSC: not requesting OS control; OS requires [ExtendedConfig ASPM ClockPM MSI]
[    2.103732] acpi PNP0A03:00: fail to add MMCONFIG information, can't access extended PCI configuration space under this bridge.
[    2.107686] PCI host bridge to bus 0000:00
[    2.109154] pci_bus 0000:00: root bus resource [io  0x0000-0x0cf7 window]
[    2.111243] pci_bus 0000:00: root bus resource [io  0x0d00-0xffff window]
[    2.113312] pci_bus 0000:00: root bus resource [mem 0x000a0000-0x000bffff window]
[    2.115978] pci_bus 0000:00: root bus resource [mem 0x2d000000-0xfdffffff window]
[    2.128642] pci_bus 0000:00: root bus resource [bus 00-ff]
[    2.188542] pci 0000:00:01.1: legacy IDE quirk: reg 0x10: [io  0x01f0-0x01f7]
[    2.190684] pci 0000:00:01.1: legacy IDE quirk: reg 0x14: [io  0x03f6]
[    2.192688] pci 0000:00:01.1: legacy IDE quirk: reg 0x18: [io  0x0170-0x0177]
[    2.194825] pci 0000:00:01.1: legacy IDE quirk: reg 0x1c: [io  0x0376]
[    2.217652] pci 0000:00:07.0: quirk: [io  0x4000-0x403f] claimed by PIIX4 ACPI
[    2.229699] pci 0000:00:07.0: quirk: [io  0x4100-0x410f] claimed by PIIX4 SMB
[    2.290038] ACPI: PCI Interrupt Link [LNKA] (IRQs 5 9 10 *11)
[    2.299714] ACPI: PCI Interrupt Link [LNKB] (IRQs 5 9 *10 11)
[    2.302236] ACPI: PCI Interrupt Link [LNKC] (IRQs 5 *9 10 11)
[    2.326460] ACPI: PCI Interrupt Link [LNKD] (IRQs 5 9 10 *11)
[    2.329057] ACPI: Enabled 2 GPEs in block 00 to 07
[    2.331581] vgaarb: setting as boot device: PCI:0000:00:02.0
[    2.333408] vgaarb: device added: PCI:0000:00:02.0,decodes=io+mem,owns=io+mem,locks=none
[    2.386943] vgaarb: loaded
[    2.398120] vgaarb: bridge control possible 0000:00:02.0
[    2.400478] SCSI subsystem initialized
[    2.402265] ACPI: bus type USB registered
[    2.403775] usbcore: registered new interface driver usbfs
[    2.405557] usbcore: registered new interface driver hub
[    2.488722] usbcore: registered new device driver usb
[    2.490706] PCI: Using ACPI for IRQ routing
[    2.492891] NetLabel: Initializing
[    2.494221] NetLabel:  domain hash size = 128
[    2.495711] NetLabel:  protocols = UNLABELED CIPSOv4
[    2.497431] NetLabel:  unlabeled traffic allowed by default
[    2.499573] amd_nb: Cannot enumerate AMD northbridges
[    2.501339] clocksource: Switched to clocksource kvm-clock
[    2.515475] AppArmor: AppArmor Filesystem Enabled
[    2.602182] pnp: PnP ACPI init
[    2.625426] pnp: PnP ACPI: found 3 devices
[    2.691568] clocksource: acpi_pm: mask: 0xffffff max_cycles: 0xffffff, max_idle_ns: 2085701024 ns
[    2.694871] NET: Registered protocol family 2
[    2.696854] TCP established hash table entries: 8192 (order: 4, 65536 bytes)
[    2.699082] TCP bind hash table entries: 8192 (order: 5, 131072 bytes)
[    2.701137] TCP: Hash tables configured (established 8192 bind 8192)
[    2.703180] UDP hash table entries: 512 (order: 2, 16384 bytes)
[    2.705082] UDP-Lite hash table entries: 512 (order: 2, 16384 bytes)
[    2.707192] NET: Registered protocol family 1
[    2.708734] pci 0000:00:00.0: Limiting direct PCI/PCI transfers
[    2.710666] pci 0000:00:01.0: Activating ISA DMA hang workarounds
[    2.712843] Unpacking initramfs...
[    3.211984] Freeing initrd memory: 14828K
[    3.240501] clocksource: tsc: mask: 0xffffffffffffffff max_cycles: 0x2b2285792ea, max_idle_ns: 440795280120 ns
[    3.244543] platform rtc_cmos: registered platform RTC device (no PNP device found)
[    3.247480] Scanning for low memory corruption every 60 seconds
[    3.249877] audit: initializing netlink subsys (disabled)
[    3.251712] audit: type=2000 audit(1566579511.018:1): initialized
[    3.309792] Initialise system trusted keyring
[    3.311523] HugeTLB registered 2 MB page size, pre-allocated 0 pages
[    3.315239] zbud: loaded
[    3.316736] VFS: Disk quotas dquot_6.6.0
[    3.328258] VFS: Dquot-cache hash table entries: 512 (order 0, 4096 bytes)
[    3.330798] squashfs: version 4.0 (2009/01/31) Phillip Lougher
[    3.333881] fuse init (API version 7.23)
[    3.335521] Key type big_key registered
[    3.337013] Allocating IMA MOK and blacklist keyrings.
[    3.339290] Key type asymmetric registered
[    3.340805] Asymmetric key parser 'x509' registered
[    3.342587] Block layer SCSI generic (bsg) driver version 0.4 loaded (major 249)
[    3.345365] io scheduler noop registered
[    3.346862] io scheduler deadline registered (default)
[    3.348650] io scheduler cfq registered
[    3.350330] pci_hotplug: PCI Hot Plug PCI Core version: 0.5
[    3.352176] pciehp: PCI Express Hot Plug Controller Driver version: 0.4
[    3.354462] ACPI: AC Adapter [AC] (on-line)
[    3.356055] input: Power Button as /devices/LNXSYSTM:00/LNXPWRBN:00/input/input0
[    3.414600] ACPI: Power Button [PWRF]
[    3.416021] input: Sleep Button as /devices/LNXSYSTM:00/LNXSLPBN:00/input/input1
[    3.418655] ACPI: Sleep Button [SLPF]
[    3.420233] GHES: HEST is not enabled!
[    3.421729] Serial: 8250/16550 driver, 32 ports, IRQ sharing enabled
[    3.446973] 00:02: ttyS0 at I/O 0x3f8 (irq = 4, base_baud = 115200) is a 16550A
[    3.450968] Linux agpgart interface v0.103
[    3.453845] loop: module loaded
[    3.455874] scsi host0: ata_piix
[    3.457230] scsi host1: ata_piix
[    3.458554] ata1: PATA max UDMA/33 cmd 0x1f0 ctl 0x3f6 bmdma 0xd000 irq 14
[    3.460613] ata2: PATA max UDMA/33 cmd 0x170 ctl 0x376 bmdma 0xd008 irq 15
[    3.514148] libphy: Fixed MDIO Bus: probed
[    3.515607] tun: Universal TUN/TAP device driver, 1.6
[    3.517268] tun: (C) 1999-2004 Max Krasnyansky <maxk@qualcomm.com>
[    3.519253] PPP generic driver version 2.4.2
[    3.520818] ehci_hcd: USB 2.0 'Enhanced' Host Controller (EHCI) Driver
[    3.522875] ehci-pci: EHCI PCI platform driver
[    3.524401] ehci-platform: EHCI generic platform driver
[    3.526108] ohci_hcd: USB 1.1 'Open' Host Controller (OHCI) Driver
[    3.528077] ohci-pci: OHCI PCI platform driver
[    3.529624] ohci-platform: OHCI generic platform driver
[    3.538662] uhci_hcd: USB Universal Host Controller Interface driver
[    3.540678] i8042: PNP: PS/2 Controller [PNP0303:PS2K,PNP0f03:PS2M] at 0x60,0x64 irq 1,12
[    3.544222] serio: i8042 KBD port at 0x60,0x64 irq 1
[    3.545863] serio: i8042 AUX port at 0x60,0x64 irq 12
[    3.547689] mousedev: PS/2 mouse device common for all mice
[    3.558337] input: AT Translated Set 2 keyboard as /devices/platform/i8042/serio0/input/input2
[    3.561649] rtc_cmos rtc_cmos: rtc core: registered rtc_cmos as rtc0
[    3.614567] rtc_cmos rtc_cmos: alarms up to one day, 114 bytes nvram
[    3.616518] i2c /dev entries driver
[    3.617913] device-mapper: uevent: version 1.0.3
[    3.619587] device-mapper: ioctl: 4.34.0-ioctl (2015-10-28) initialised: dm-devel@redhat.com
[    3.622472] ledtrig-cpu: registered to indicate activity on CPUs
[    3.717498] NET: Registered protocol family 10
[    3.748418] NET: Registered protocol family 17
[    3.749968] Key type dns_resolver registered
[    3.751811] registered taskstats version 1
[    3.753289] Loading compiled-in X.509 certificates
[    3.755886] Loaded X.509 cert 'Build time autogenerated kernel key: 3e01e6df98386236d59670e6b2ed19a044d5324e'
[    3.759162] zswap: loaded using pool lzo/zbud
[    3.772492] Key type trusted registered
[    3.843448] Key type encrypted registered
[    3.845061] AppArmor: AppArmor sha1 policy hashing enabled
[    3.846906] ima: No TPM chip found, activating TPM-bypass!
[    3.848707] ima: Allocated hash algorithm: sha1
[    3.850317] evm: HMAC attrs: 0x1
[    3.851980]   Magic number: 15:879:995
[    3.853490] rtc_cmos rtc_cmos: setting system clock to 2019-08-23 16:58:24 UTC (1566579504)
[    3.856428] BIOS EDD facility v0.16 2004-Jun-25, 0 devices found
[    3.858352] EDD information not available.
[    3.864742] Freeing unused kernel memory: 1484K
[    3.877378] Write protecting the kernel read-only data: 14336k
[    3.937404] Freeing unused kernel memory: 1612K
[    3.939247] Freeing unused kernel memory: 64K
Loading, please wait...
starting version[    4.175728] random: systemd-udevd: uninitialized urandom read (16 bytes read, 3 bits of entropy available)
 229
[    4.250152] random: udevadm: uninitialized urandom read (16 bytes read, 3 bits of entropy available)
[    4.253400] random: udevadm: uninitialized urandom read (16 bytes read, 3 bits of entropy available)
[    4.343763] random: systemd-udevd: uninitialized urandom read (16 bytes read, 3 bits of entropy available)
[    4.350218] random: systemd-udevd: uninitialized urandom read (16 bytes read, 3 bits of entropy available)
[    4.353469] random: systemd-udevd: uninitialized urandom read (16 bytes read, 3 bits of entropy available)
[    4.372251] random: systemd-udevd: uninitialized urandom read (16 bytes read, 3 bits of entropy available)
[    4.386964] random: systemd-udevd: uninitialized urandom read (16 bytes read, 3 bits of entropy available)
[    4.447994] random: systemd-udevd: uninitialized urandom read (16 bytes read, 3 bits of entropy available)
[    4.453123] random: systemd-udevd: uninitialized urandom read (16 bytes read, 3 bits of entropy available)
[    5.214238] e1000: Intel(R) PRO/1000 Network Driver - version 7.3.21-k8-NAPI
[    5.274756] e1000: Copyright (c) 1999-2006 Intel Corporation.
[    5.278616] Fusion MPT base driver 3.04.20
[    5.280146] Copyright (c) 1999-2008 LSI Corporation
[    5.314165] Fusion MPT SPI Host driver 3.04.20
[    5.399717] mptbase: ioc0: Initiating bringup
[    5.528406] ioc0: LSI53C1030 A0: Capabilities={Initiator}
[    5.728899] input: ImExPS/2 Generic Explorer Mouse as /devices/platform/i8042/serio1/input/input4
[    6.006982] scsi host2: ioc0: LSI53C1030 A0, FwRev=00000000h, Ports=1, MaxQ=256, IRQ=20
[    6.131450] scsi 2:0:0:0: Direct-Access     VBOX     HARDDISK         1.0  PQ: 0 ANSI: 5
[    6.134260] scsi target2:0:0: Beginning Domain Validation
[    6.137025] scsi target2:0:0: Domain Validation skipping write tests
[    6.139012] scsi target2:0:0: Ending Domain Validation
[    6.140747] scsi target2:0:0: asynchronous
[    6.142560] scsi 2:0:1:0: Direct-Access     VBOX     HARDDISK         1.0  PQ: 0 ANSI: 5
[    6.145349] scsi target2:0:1: Beginning Domain Validation
[    6.148330] scsi target2:0:1: Domain Validation skipping write tests
[    6.150297] scsi target2:0:1: Ending Domain Validation
[    6.152029] scsi target2:0:1: asynchronous
[    6.158686] sd 2:0:0:0: Attached scsi generic sg0 type 0
[    6.165183] sd 2:0:0:0: [sda] 20971520 512-byte logical blocks: (10.7 GB/10.0 GiB)
[    6.173745] sd 2:0:1:0: [sdb] 20480 512-byte logical blocks: (10.5 MB/10.0 MiB)
[    6.176545] sd 2:0:1:0: Attached scsi generic sg1 type 0
[    6.178286] sd 2:0:1:0: [sdb] Write Protect is off
[    6.210424] sd 2:0:0:0: [sda] Write Protect is off
[    6.212274] sd 2:0:0:0: [sda] Incomplete mode parameter data
[    6.214111] sd 2:0:0:0: [sda] Assuming drive cache: write through
[    6.244247]  sda: sda1
[    6.251164] sd 2:0:0:0: [sda] Attached SCSI disk
[    6.316238] sd 2:0:1:0: [sdb] Incomplete mode parameter data
[    6.318110] sd 2:0:1:0: [sdb] Assuming drive cache: write through
[    6.417127] sd 2:0:1:0: [sdb] Attached SCSI disk
[    7.147764] e1000 0000:00:03.0 eth0: (PCI:33MHz:32-bit) 02:46:62:72:a1:53
[    7.169137] e1000 0000:00:03.0 eth0: Intel(R) PRO/1000 Network Connection
[    7.175880] e1000 0000:00:03.0 enp0s3: renamed from eth0
Begin: Loading essential drivers ... [   10.267032] md: linear personality registered for level -1
[   10.351569] md: multipath personality registered for level -4
[   10.379944] md: raid0 personality registered for level 0
[   10.460505] md: raid1 personality registered for level 1
[   10.637635] raid6: sse2x1   gen()  4044 MB/s
[   10.742549] raid6: sse2x1   xor()  3108 MB/s
[   10.844926] raid6: sse2x2   gen()  4013 MB/s
[   10.947673] raid6: sse2x2   xor()  3824 MB/s
[   11.052735] raid6: sse2x4   gen()  5427 MB/s
[   11.157678] raid6: sse2x4   xor()  4293 MB/s
[   11.159248] raid6: using algorithm sse2x4 gen() 5427 MB/s
[   11.160991] raid6: .... xor() 4293 MB/s, rmw enabled
[   11.162653] raid6: using ssse3x2 recovery algorithm
[   11.182733] xor: measuring software checksum speed
[   11.307059]    prefetch64-sse: 30084.000 MB/sec
[   11.507010]    generic_sse: 26706.000 MB/sec
[   11.508507] xor: using function: prefetch64-sse (30084.000 MB/sec)
[   11.519785] async_tx: api initialized (async)
[   11.685034] md: raid6 personality registered for level 6
[   11.688732] md: raid5 personality registered for level 5
[   11.690509] md: raid4 personality registered for level 4
[   11.820435] md: raid10 personality registered for level 10
done.
Begin: Running /scripts/init-premount ... done.
Begin: Mounting root file system ... Begin: Running /scripts/local-top ... done.
Begin: Running /scripts/local-premount ... [   12.215645] Btrfs loaded
Scanning for Btrfs filesystems
done.
Warning: fsck not present, so skipping root file system
[   12.651342] EXT4-fs (sda1): mounted filesystem with ordered data mode. Opts: (null)
done.
Begin: Running /scripts/local-bottom ... done.
Begin: Running /scripts/init-bottom ... done.
[   13.229779] random: nonblocking pool is initialized
[   13.609069] systemd[1]: systemd 229 running in system mode. (+PAM +AUDIT +SELINUX +IMA +APPARMOR +SMACK +SYSVINIT +UTMP +LIBCRYPTSETUP +GCRYPT +GNUTLS +ACL +XZ -LZ4 +SECCOMP +BLKID +ELFUTILS +KMOD -IDN)
[   13.622693] systemd[1]: Detected virtualization oracle.
[   13.628091] systemd[1]: Detected architecture x86-64.

Welcome to [1mUbuntu 16.04.6 LTS[0m!

[   13.656317] systemd[1]: Set hostname to <ubuntu>.
[   13.690986] systemd[1]: Initializing machine ID from random generator.
[   13.693139] systemd[1]: Installed transient /etc/machine-id file.
[   14.904435] systemd[1]: Created slice User and Session Slice.
[[0;32m  OK  [0m] Created slice User and Session Slice.
[   14.911375] systemd[1]: Started Trigger resolvconf update for networkd DNS.
[[0;32m  OK  [0m] Started Trigger resolvconf update for networkd DNS.
[   14.916848] systemd[1]: Listening on Device-mapper event daemon FIFOs.
[[0;32m  OK  [0m] Listening on Device-mapper event daemon FIFOs.
[   14.921116] systemd[1]: Listening on udev Kernel Socket.
[[0;32m  OK  [0m] Listening on udev Kernel Socket.
[   14.925008] systemd[1]: Listening on Journal Audit Socket.
[[0;32m  OK  [0m] Listening on Journal Audit Socket.
[   14.928946] systemd[1]: Listening on Journal Socket (/dev/log).
[[0;32m  OK  [0m] Listening on Journal Socket (/dev/log).
[   14.932971] systemd[1]: Listening on LVM2 metadata daemon socket.
[[0;32m  OK  [0m] Listening on LVM2 metadata daemon socket.
[   14.936953] systemd[1]: Reached target Encrypted Volumes.
[[0;32m  OK  [0m] Reached target Encrypted Volumes.
[   14.980275] systemd[1]: Listening on LVM2 poll daemon socket.
[[0;32m  OK  [0m] Listening on LVM2 poll daemon socket.
[   14.985021] systemd[1]: Created slice System Slice.
[[0;32m  OK  [0m] Created slice System Slice.
[   14.988562] systemd[1]: Reached target Swap.
[[0;32m  OK  [0m] Reached target Swap.
[   14.992788] systemd[1]: Created slice system-serial\x2dgetty.slice.
[[0;32m  OK  [0m] Created slice system-serial\x2dgetty.slice.
[   14.996874] systemd[1]: Reached target Slices.
[[0;32m  OK  [0m] Reached target Slices.
[   15.010528] systemd[1]: Started Forward Password Requests to Wall Directory Watch.
[[0;32m  OK  [0m] Started Forward Password Requests to Wall Directory Watch.
[   15.016198] systemd[1]: Set up automount Arbitrary Executable File Formats File System Automount Point.
[[0;32m  OK  [0m] Set up automount Arbitrary Executab...ats File System Automount Point.
[   15.082480] systemd[1]: Reached target User and Group Name Lookups.
[[0;32m  OK  [0m] Reached target User and Group Name Lookups.
[   15.086753] systemd[1]: Listening on Journal Socket.
[[0;32m  OK  [0m] Listening on Journal Socket.
[   15.104599] systemd[1]: Starting Nameserver information manager...
         Starting Nameserver information manager...
[   15.123975] systemd[1]: Starting Uncomplicated firewall...
         Starting Uncomplicated firewall...
[   15.287410] systemd[1]: Starting Monitoring of LVM2 mirrors, snapshots etc. using dmeventd or progress polling...
         Starting Monitoring of LVM2 mirrors... dmeventd or progress polling...
[   15.387434] systemd[1]: Mounting Debug File System...
         Mounting Debug File System...
[   15.515493] systemd[1]: Mounting Huge Pages File System...
         Mounting Huge Pages File System...
[   15.622093] systemd[1]: Starting Set console keymap...
         Starting Set console keymap...
[   15.737915] systemd[1]: Starting Create list of required static device nodes for the current kernel...
         Starting Create list of required st... nodes for the current kernel...
[   15.805133] systemd[1]: Starting Load Kernel Modules...
         Starting Load Kernel Modules...
[   15.833244] systemd[1]: Starting Remount Root and Kernel File Systems...
         Starting Remount Root and Kernel File Systems...
[   15.913243] systemd[1]: Listening on Syslog Socket.
[[0;32m  OK  [0m] Listening on Syslog Socket.
[   15.933126] systemd[1]: Starting Journal Service...
         Starting Journal Service...
[   16.038384] systemd[1]: Listening on udev Control Socket.
[[0;32m  OK  [0m] Listening on udev Control Socket.
[   16.109096] systemd[1]: Listening on /dev/initctl Compatibility Named Pipe.
[[0;32m  OK  [0m] Listening on /dev/initctl Compatibility Named Pipe.
[   16.117749] systemd[1]: Reached target System Time Synchronized.
[[0;32m  OK  [0m] Reached target System Time Synchronized.
[   16.125236] systemd[1]: Mounting POSIX Message Queue File System...
         Mounting POSIX Message Queue File System...
[   16.143672] systemd[1]: Mounted Debug File System.
[[0;32m  OK  [0m] Mounted Debug File System.
[   16.228683] systemd[1]: Mounted Huge Pages File System.
[[0;32m  OK  [0m] Mounted Huge Pages File System.
[   16.233618] systemd[1]: Mounted POSIX Message Queue File System.
[[0;32m  OK  [0m] Mounted POSIX Message Queue File System.
[   16.262794] systemd[1]: Started Uncomplicated firewall.
[   16.337536] Loading iSCSI transport class v2.0-870.
[   16.345521] EXT4-fs (sda1): re-mounted. Opts: (null)
[   16.419927] iscsi: registered transport (tcp)
[[0;32m  OK  [0m] Started Uncomplicated firewall.
[   16.652364] systemd[1]: Started Create list of required static device nodes for the current kernel.
[[0;32m  OK  [0m] Started Create list of required sta...ce nodes for the current kernel.
[   16.666318] systemd[1]: Started Remount Root and Kernel File Systems.
[[0;32m  OK  [0m] Started Remount Root and Kernel File Systems.
[   16.738615] systemd[1]: Started Nameserver information manager.
[[0;32m  OK  [0m] Started Nameserver information manager.
[   17.374811] systemd[1]: Started LVM2 metadata daemon.
[[0;32m  OK  [0m] Started LVM2 metadata daemon.
[   17.400379] systemd[1]: Starting udev Coldplug all Devices...
         Starting udev Coldplug all Devices...
[   17.583995] systemd[1]: Starting Load/Save Random Seed...
         Starting Load/Save Random Seed...
[   17.672294] systemd[1]: Starting Create Static Device Nodes in /dev...
         Starting Create Static Device Nodes in /dev...
[   18.004575] iscsi: registered transport (iser)
[   18.082185] systemd[1]: Started Load Kernel Modules.
[[0;32m  OK  [0m] Started Load Kernel Modules.
[   18.183370] systemd[1]: Started Monitoring of LVM2 mirrors, snapshots etc. using dmeventd or progress polling.
[[0;32m  OK  [0m] Started Monitoring of LVM2 mirrors,...ng dmeventd or progress polling.
[   18.204189] systemd[1]: Mounting FUSE Control File System...
         Mounting FUSE Control File System...
[   18.220058] systemd[1]: Starting Apply Kernel Variables...
         Starting Apply Kernel Variables...
[   18.499746] systemd[1]: Mounted FUSE Control File System.
[[0;32m  OK  [0m] Mounted FUSE Control File System.
[[0;32m  OK  [0m] Started Journal Service.
[[0;32m  OK  [0m] Started Load/Save Random Seed.
[[0;32m  OK  [0m] Started Create Static Device Nodes in /dev.
[[0;32m  OK  [0m] Started Apply Kernel Variables.
         Starting udev Kernel Device Manager...
         Starting Flush Journal to Persistent Storage...
[[0;32m  OK  [0m] Started Set console keymap.
[[0;32m  OK  [0m] Reached target Local File Systems (Pre).
[[0;32m  OK  [0m] Reached target Local File Systems.
         Starting Initial cloud-init job (pre-networking)...
         Starting LSB: AppArmor initialization...
         Starting Set console font and keymap...
         Starting Tell Plymouth To Write Out Runtime Data...
         Starting Commit a transient machine-id on disk...
[[0;32m  OK  [0m] Started Flush Journal to Persistent Storage.
[[0;32m  OK  [0m] Started Tell Plymouth To Write Out Runtime Data.
         Starting Create Volatile Files and Directories...
[[0;32m  OK  [0m] Started Commit a transient machine-id on disk.
[[0;32m  OK  [0m] Started udev Coldplug all Devices.
[[0;32m  OK  [0m] Started Create Volatile Files and Directories.
         Starting Update UTMP about System Boot/Shutdown...
[[0;32m  OK  [0m] Started Update UTMP about System Boot/Shutdown.
[[0;32m  OK  [0m] Started udev Kernel Device Manager.
[[0;32m  OK  [0m] Started Dispatch Password Requests to Console Directory Watch.
[[0;32m  OK  [0m] Found device /dev/ttyS0.
[[0;32m  OK  [0m] Listening on Load/Save RF Kill Switch Status /dev/rfkill Watch.
[[0;32m  OK  [0m] Started LSB: AppArmor initialization.
[   33.508704] cloud-init[461]: Cloud-init v. 19.1-1-gbaa47854-0ubuntu1~16.04.1 running 'init-local' at Fri, 23 Aug 2019 16:58:51 +0000. Up 29.37 seconds.
[[0;32m  OK  [0m] Started Initial cloud-init job (pre-networking).
[[0;32m  OK  [0m] Reached target Network (Pre).
         Starting Raise network interfaces...
[[0;32m  OK  [0m] Started Set console font and keymap.
[[0;32m  OK  [0m] Created slice system-getty.slice.
[[0;32m  OK  [0m] Started Raise network interfaces.
         Starting Initial cloud-init job (metadata service crawler)...
[[0;32m  OK  [0m] Reached target Network.
[   44.845639] cloud-init[947]: Cloud-init v. 19.1-1-gbaa47854-0ubuntu1~16.04.1 running 'init' at Fri, 23 Aug 2019 16:59:03 +0000. Up 40.82 seconds.
[   44.856986] cloud-init[947]: ci-info: ++++++++++++++++++++++++++++++++++++++Net device info++++++++++++++++++++++++++++++++++++++
[   44.862775] cloud-init[947]: ci-info: +--------+------+----------------------------+---------------+--------+-------------------+
[   44.963062] cloud-init[947]: ci-info: | Device |  Up  |          Address           |      Mask     | Scope  |     Hw-Address    |
[   44.978114] cloud-init[947]: ci-info: +--------+------+----------------------------+---------------+--------+-------------------+
[   44.981824] cloud-init[947]: ci-info: | enp0s3 | True |         10.0.2.15          | 255.255.255.0 | global | 02:46:62:72:a1:53 |
[   45.042785] cloud-init[947]: ci-info: | enp0s3 | True | fe80::46:62ff:fe72:a153/64 |       .       |  link  | 02:46:62:72:a1:53 |
[   45.061749] cloud-init[947]: ci-info: |   lo   | True |         127.0.0.1          |   255.0.0.0   |  host  |         .         |
[   45.088060] cloud-init[947]: ci-info: |   lo   | True |          ::1/128           |       .       |  host  |         .         |
[   45.149153] cloud-init[947]: ci-info: +--------+------+----------------------------+---------------+--------+-------------------+
[   45.161757] cloud-init[947]: ci-info: +++++++++++++++++++++++++++Route IPv4 info++++++++++++++++++++++++++++
[   45.233368] cloud-init[947]: ci-info: +-------+-------------+----------+---------------+-----------+-------+
[   45.252233] cloud-init[947]: ci-info: | Route | Destination | Gateway  |    Genmask    | Interface | Flags |
[   45.263362] cloud-init[947]: ci-info: +-------+-------------+----------+---------------+-----------+-------+
[   45.270224] cloud-init[947]: ci-info: |   0   |   0.0.0.0   | 10.0.2.2 |    0.0.0.0    |   enp0s3  |   UG  |
[   45.323335] cloud-init[947]: ci-info: |   1   |   10.0.2.0  | 0.0.0.0  | 255.255.255.0 |   enp0s3  |   U   |
[   45.335499] cloud-init[947]: ci-info: +-------+-------------+----------+---------------+-----------+-------+
[[0;32m  OK  [0m] Started Initial cloud-init job (metadata service crawler).
[[   45.464560] cloud-init[947]: ci-info: +++++++++++++++++++Route IPv6 info+++++++++++++++++++
[   45.471363] cloud-init[0;32m  OK  [0m[947]: ci-info: +-------+-------------+---------+-----------+-------+
[   45.478744] cloud-init[947]: ci-info: | Route | Destination | Gateway | Interface | Flags |
[   45.479683] cloud-init[947]: ci-info: +-------+-------------+---------+-----------+-------+
] Reached target Network is Online.
[   45.481024] cloud-init[947]: ci-info: |   0   |  fe80::/64  |    ::   |   enp0s3  |   U   |
[   45.501249] cloud-init[947]: ci-info: |   4   |   ff00::/8  |    ::   |   enp0s3  |   U   |
[   45.501562] cloud-init[947]: ci-info: +-------+-------------+---------+-----------+-------+
[   45.503303] cloud-init[947]: Generating public/private rsa key pair.
         Starting iSCSI initiator daemon (iscsid)...
[[0;32m  OK  [0m] Reached target Cloud-config availability.
[[0;32m  OK  [0m] Reached target System Initialization.
[   45.507496] cloud-init[947]: Your identification has been saved in /etc/ssh/ssh_host_rsa_key.
[   45.566218]          cloud-init[947]: Starting LXD - unix socket.
         Starting Socket activation for snappy daemon.
[[0;32m  OK  [0m] Listening on UUID daemon activation socket.
[[0;32m  OK  [0m] Started Daily apt download activities.
[[0;32m  OK  [0m] Started Daily apt upgrade and clean activities.
Your public key has been saved in /etc/ssh/ssh_host_rsa_key.pub.
[[0;32m  OK  [0m] Started ACPI Events Check.
[[0;32m  OK  [0m] Reached target Paths.
[[0;32m  OK  [0m] [   45.759826] cloud-init[947]: The key fingerprint is:
[   45.767059] cloud-init[947]: SHA256:Z4if18zWLBuryWHPAkLQ5xrnPkSZO+sOjLEALe9Awb8 root@ubuntu-xenial
Listening on D-Bus System Message Bus Socket.
[[0;32m  OK  [0m] Started Daily Cleanup of Temporary Directories.
[   45.769348] cloud-init[947]: The key's randomart image is:
[[0;32m  OK  [0m[   45.796335] cloud-init[947]: +---[RSA 2048]----+
[   45.798773] cloud-init] Listening on ACPID Listen Socket.
[[0;32m  OK  [0m] Reached target Timers.[947]: |..   .           |
[   45.806376] cloud-init[947]: 
| o. . . .        |
[   45.816659] cloud-init[947]: |o.o  . o o       |[[0;32m  OK  [0m] Listening on LXD - unix socket.
[[0;32m  OK  [0m] Listening on Socket activation for snappy daemon.
[   45.853292] cloud-init[947]: |.+ .  o.*.       |
[   45.853743] cloud-init[947]: |. o o..*S.o      |
[   45.853980] cloud-init[947]: | o E =o.*+ + o   |
[   45.854201] cloud-init[947]: |  . o o+o++ B o  |
[   45.854481] cloud-init[947]: |       .++.* =   |
[   45.854704] cloud-init[947]: |       oo.+o=    |
[   45.854965] cloud-init[947]: +----[SHA256]-----+
[   45.855194] cloud-init[947]: Generating public/private dsa key pair.
[   45.855419] cloud-init[947]: Your identification has been saved in /etc/ssh/ssh_host_dsa_key.
[   45.855645] cloud-init[947]: Your public key has been saved in /etc/ssh/ssh_host_dsa_key.pub.
[   45.855922] cloud-init[947]: The key fingerprint is:
[   45.856147] cloud-init[947]: SHA256:5HqrOrCJybmTfyUp6woeVbToW3emSI3a8Ys3GnWOT4k root@ubuntu-xenial
[   45.856379] cloud-init[947]: The key's randomart image is:
[   45.856603] cloud-init[947]: +---[DSA 1024]----+
[   45.856871] cloud-init[947]: |     .           |
[   45.857101] cloud-init[947]: |    o .          |
[   45.857322] cloud-init[947]: |   . o  .        |
[   45.857554] cloud-init[947]: |  . . oo         |
[   45.857776] cloud-init[947]: |   o =.+S+       |
[   45.857996] cloud-init[947]: |  o.*o*oO .      |
[   45.858229] cloud-init[947]: |o+o*o++E.+       |
[   45.858452] cloud-init[947]: |==+...o++.       |
[   45.858713] cloud-init[947]: | +*oo=+oo.       |
[   45.858946] cloud-init[947]: +----[SHA256]-----+
[   45.859168] cloud-init[947]: Generating public/private ecdsa key pair.
[   45.859397] cloud-init[947]: Your identification has been saved in /etc/ssh/ssh_host_ecdsa_key.
[   45.859620] cloud-init[947]: Your public key has been saved in /etc/ssh/ssh_host_ecdsa_key.pub.
[   45.859859] cloud-init[947]: The key fingerprint is:
[   45.860090] cloud-init[947]: SHA256:5pABEL0WXA8NGCkQwOMWdAsUAMfehNMolNgFnQXNBXw root@ubuntu-xenial
[   45.860311] cloud-init[947]: The key's randomart image is:
[   45.860536] cloud-init[947]: +---[ECDSA 256]---+
[   45.860769] cloud-init[947]: |/@B&=%*=.        |
[   45.861033] cloud-init[947]: |o*X %.+oE        |
[   45.861263] cloud-init[947]: |.oo* o...        |
[   45.861482] cloud-init[947]: | o. +  o         |
[   45.861710] cloud-init[947]: |.  .  o S        |
[   45.861944] cloud-init[947]: |       +         |
[   45.862168] cloud-init[947]: |        .        |
[   45.862394] cloud-init[947]: |                 |
[   45.862616] cloud-init[947]: |                 |
[   45.862839] cloud-init[947]: +----[SHA256]-----+
[   45.863064] cloud-init[947]: Generating public/private ed25519 key pair.
[   45.863288] cloud-init[947]: Your identification has been saved in /etc/ssh/ssh_host_ed25519_key.
[   45.863513] cloud-init[947]: Your public key has been saved in /etc/ssh/ssh_host_ed25519_key.pub.
[   45.863983] cloud-init[947]: The key fingerprint is:
[   45.864208] cloud-init[947]: SHA256:VLmeN7NLGw1n2zKP1+fp2u3SMkm+xIOaCFpbzMh8PKY root@ubuntu-xenial
[   45.864623] cloud-init[947]: The key's randomart image is:
[   45.865021] cloud-init[947]: +--[ED25519 256]--+
[   45.865244] cloud-init[947]: |          ..     |
[   45.865477] cloud-init[947]: |         ..      |

[[0;32m  OK  [0m] Started iSCSI initiator daemon (iscsid).[   45.867379] cloud-init[947]: |        .  .     |
[   46.184569] cloud-init[947]: |       .  .      |
[   46.184867] cloud-init[947]: |        S. .. o  |
[   46.185097] cloud-init[947]: |     o =  o +B.o |
[   46.185325] cloud-init[947]: |      * O  .+*Ooo|
[   46.185634] cloud-init[947]: |     o B o +.+B*B|
[   46.187230] cloud-init[947]: |    . E . o oo=%*|
[   46.187544] cloud-init[947]: +----[SHA256]-----+

         Starting Login to default iSCSI targets...
[[0;32m  OK  [0m] Reached target Sockets.
[[0;32m  OK  [0m] Reached target Basic System.
         Starting /etc/rc.local Compatibility...
[[0;32m  OK  [0m] Started Regular background program processing daemon.
         Starting Pollinate to seed the pseudo random number generator...
[[0;32m  OK  [0m] Started Deferred execution scheduler.
         Starting Snappy daemon...
         Starting Login Service...
[[0;32m  OK  [0m] Started FUSE filesystem for LXC.
         Starting System Logging Service...
[[0;32m  OK  [0m] Started D-Bus System Message Bus.
         Starting Accounts Service...
         Starting Virtualbox guest utils...
[[0;32m  OK  [0m] Started ACPI event daemon.
         Starting LSB: Record successful boot for GRUB...
         Starting LSB: MD monitoring daemon...
         Starting LXD - container startup/shutdown...
[[0;32m  OK  [0m] Started System Logging Service.
[[0;32m  OK  [0m] Started /etc/rc.local Compatibility.
[[0;32m  OK  [0m] Started Login to default iSCSI targets.
[[0;32m  OK  [0m] Reached target Remote File Systems (Pre).
[[0;32m  OK  [0m] Reached target Remote File Systems.
         Starting Permit User Sessions...
         Starting LSB: automatic crash report generation...
         Starting LSB: Set the CPU Frequency Scaling governor to "ondemand"...
         Starting LSB: daemon to balance interrupts for SMP systems...
[[0;32m  OK  [0m] Started Permit User Sessions.
[[0;32m  OK  [0m] Started Login Service.
         Starting Authenticate and Authorize Users to Run Privileged Tasks...
[[0;32m  OK  [0m] Started Unattended Upgrades Shutdown.
         Starting Terminate Plymouth Boot Screen...
         Starting Hold until boot process finishes up...
[[0;32m  OK  [0m] Started LSB: Record successful boot for GRUB.
[[0;32m  OK  [0m] Started Terminate Plymouth Boot Screen.
[[0;32m  OK  [0m] Started Hold until boot process finishes up.
[[0;32m  OK  [0m] Started Serial Getty on ttyS0.
         Starting Set console scheme...
[[0;32m  OK  [0m] Started Getty on tty1.
[[0;32m  OK  [0m] Reached target Login Prompts.
[[0;32m  OK  [0m] Started LSB: MD monitoring daemon.
[[0;32m  OK  [0m] Started Set console scheme.
[[0;32m  OK  [0m] Started Authenticate and Authorize Users to Run Privileged Tasks.
[[0;32m  OK  [0m] Started Accounts Service.
[[0;32m  OK  [0m] Started LSB: Set the CPU Frequency Scaling governor to "ondemand".
[[0;32m  OK  [0m] Started LSB: automatic crash report generation.
[[0;32m  OK  [0m] Started LSB: daemon to balance interrupts for SMP systems.
[[0;32m  OK  [0m] Started LXD - container startup/shutdown.
[[0;32m  OK  [0m] Started Virtualbox guest utils.
[[0;32m  OK  [0m] Started Snappy daemon.
         Starting Wait until snapd is fully seeded...
[[0;32m  OK  [0m] Started Pollinate to seed the pseudo random number generator.
         Starting OpenBSD Secure Shell server...
[[0;32m  OK  [0m] Started OpenBSD Secure Shell server.
[[0;32m  OK  [0m] Created slice User Slice of vagrant.
         Starting User Manager for UID 1000...
[[0;32m  OK  [0m] Started Session 1 of user vagrant.

Ubuntu 16.04.6 LTS ubuntu-xenial ttyS0

ubuntu-xenial login: [   64.031393] cloud-init[1387]: Generating locales (this might take a while)...
[   71.437283] cloud-init[1387]:   en_US.UTF-8... done
[   71.498493] cloud-init[1387]: Generation complete.
[   75.696126] cloud-init[1387]: Cloud-init v. 19.1-1-gbaa47854-0ubuntu1~16.04.1 running 'modules:config' at Fri, 23 Aug 2019 16:59:25 +0000. Up 62.51 seconds.
ci-info: no authorized ssh keys fingerprints found for user ubuntu.
<14>Aug 23 16:59:41 ec2: 
<14>Aug 23 16:59:41 ec2: #############################################################
<14>Aug 23 16:59:41 ec2: -----BEGIN SSH HOST KEY FINGERPRINTS-----
<14>Aug 23 16:59:41 ec2: 1024 SHA256:5HqrOrCJybmTfyUp6woeVbToW3emSI3a8Ys3GnWOT4k root@ubuntu-xenial (DSA)
<14>Aug 23 16:59:41 ec2: 256 SHA256:5pABEL0WXA8NGCkQwOMWdAsUAMfehNMolNgFnQXNBXw root@ubuntu-xenial (ECDSA)
<14>Aug 23 16:59:41 ec2: 256 SHA256:VLmeN7NLGw1n2zKP1+fp2u3SMkm+xIOaCFpbzMh8PKY root@ubuntu-xenial (ED25519)
<14>Aug 23 16:59:41 ec2: 2048 SHA256:Z4if18zWLBuryWHPAkLQ5xrnPkSZO+sOjLEALe9Awb8 root@ubuntu-xenial (RSA)
<14>Aug 23 16:59:41 ec2: -----END SSH HOST KEY FINGERPRINTS-----
<14>Aug 23 16:59:41 ec2: #############################################################
-----BEGIN SSH HOST KEY KEYS-----
ecdsa-sha2-nistp256 AAAAE2VjZHNhLXNoYTItbmlzdHAyNTYAAAAIbmlzdHAyNTYAAABBBOcAScqKzRUXghIa80g6fROH6dl5ebFFxWLd1wDrA+InMYbPLmOi5Fdl3cnr5ZJ+3bxgbyS9VjjCa9nR2O+LZZo= root@ubuntu-xenial
ssh-ed25519 AAAAC3NzaC1lZDI1NTE5AAAAIL92NbOx4tTt/Mt+Ib3pCPN76yTQz15MgXYKfld3WQ3H root@ubuntu-xenial
ssh-rsa AAAAB3NzaC1yc2EAAAADAQABAAABAQDPt+eVBUfV3pNPs4lksIlHNzQFis+hz3fBHi/qqTcYuUdVwTHV7utociY8jCbAEPVV+CMd5fX2TTHk2zLt+fpnCqTsZM2OZYVe1EDi+Cu3sVk3UUJFJsIHomTtgF6kgEAsAt288ViHjRuACO7taD2aO8QAPTw39UZycn8Ka2uIdPbpTU3B3Oma6pCX+M19KP32YRSrau0eSC4Hx7DCuC9roFL7gPHEYp+ntqg4dOJfkdceD9UrLBnX+264unpW0Ap+9I5rehSOoxklB+gU1XdN/jQcnahY//RU2nGGCtlX5mqZnnMoGIEpS+43/RiFsKygrQRCHGWEifIXPSg9CPmd root@ubuntu-xenial
-----END SSH HOST KEY KEYS-----
[   79.137077] cloud-init[1578]: Cloud-init v. 19.1-1-gbaa47854-0ubuntu1~16.04.1 running 'modules:final' at Fri, 23 Aug 2019 16:59:40 +0000. Up 77.77 seconds.
[   79.328375] cloud-init[1578]: ci-info: no authorized ssh keys fingerprints found for user ubuntu.
[   79.329691] cloud-init[1578]: Cloud-init v. 19.1-1-gbaa47854-0ubuntu1~16.04.1 finished at Fri, 23 Aug 2019 16:59:41 +0000. Datasource DataSourceNoCloud [seed=/dev/sdb][dsmode=net].  Up 79.09 seconds
